Success (13):
content 77258 _a-0000deea-a4a7-8000-3457-01ef9001ef90_84344 "Employee"
content 77259 _a-0000deea-a4a7-8000-3457-01ef9001ef90_84345 "EMPLOYEE_1"
content 77260 _a-0000deea-a4a7-8000-3457-01ef9001ef90_84346 "EMPLOYEE_2"
content 77261 _a-0000deea-a4a7-8000-3457-01ef9001ef90_84347 "EMPLOYEE_3"
content 77262 _a-0000deea-a4a7-8000-3457-01ef9001ef90_84348 "EMPLOYEE_4"
content 77263 _a-0000deea-a4a7-8000-3457-01ef9001ef90_84349 "EMPLOYEE_5"
content 77264 _a-0000deea-a4a7-8000-3457-01ef9001ef90_84350 "EMPLOYEE_6"
content 77265 _a-0000deea-a4a7-8000-3457-01ef9001ef90_84351 "EMPLOYEE_7"
content 77266 _a-0000deea-a4a7-8000-3457-01ef9001ef90_84352 "EMPLOYEE_9"
content 77267 _a-0000deea-a4a7-8000-3457-01ef9001ef90_84353 "EMPLOYEE_8"
content 77268 _a-0000deea-a4a7-8000-3457-01ef9001ef90_84354 "EMPLOYEE_10"
content 77304 _a-0000deea-a4a7-8000-3457-01ef9001ef90_84390 "EMPLOYEE_12"
application 77257 _a-0000deea-a4a7-8000-3457-01ef9001ef90_84343 "Employee Management"

Referenced precedents that were not exported (1):
user simranjits simranjits

Trace:
2017-12-05 19:37:34.357 DEBUG application 77257 _a-0000deea-a4a7-8000-3457-01ef9001ef90_84343 Begin transport.
2017-12-05 19:37:34.357 DEBUG application 77257 _a-0000deea-a4a7-8000-3457-01ef9001ef90_84343 Retrieving object data.
2017-12-05 19:37:34.366 DEBUG application 77257 _a-0000deea-a4a7-8000-3457-01ef9001ef90_84343 App associated objects: [content=[_a-0000deea-a4a7-8000-3457-01ef9001ef90_84344, _a-0000deea-a4a7-8000-3457-01ef9001ef90_84345, _a-0000deea-a4a7-8000-3457-01ef9001ef90_84346, _a-0000deea-a4a7-8000-3457-01ef9001ef90_84347, _a-0000deea-a4a7-8000-3457-01ef9001ef90_84348, _a-0000deea-a4a7-8000-3457-01ef9001ef90_84349, _a-0000deea-a4a7-8000-3457-01ef9001ef90_84350, _a-0000deea-a4a7-8000-3457-01ef9001ef90_84351, _a-0000deea-a4a7-8000-3457-01ef9001ef90_84352, _a-0000deea-a4a7-8000-3457-01ef9001ef90_84353, _a-0000deea-a4a7-8000-3457-01ef9001ef90_84354, _a-0000deea-a4a7-8000-3457-01ef9001ef90_84390]]
2017-12-05 19:37:34.369 DEBUG application 77257 _a-0000deea-a4a7-8000-3457-01ef9001ef90_84343 Invalid associated objects: []
2017-12-05 19:37:34.369 DEBUG application 77257 _a-0000deea-a4a7-8000-3457-01ef9001ef90_84343 Adding valid associated objects to be exported: GlobalBindingMap[content={_a-0000deea-a4a7-8000-3457-01ef9001ef90_84344=77258, _a-0000deea-a4a7-8000-3457-01ef9001ef90_84345=77259, _a-0000deea-a4a7-8000-3457-01ef9001ef90_84346=77260, _a-0000deea-a4a7-8000-3457-01ef9001ef90_84347=77261, _a-0000deea-a4a7-8000-3457-01ef9001ef90_84348=77262, _a-0000deea-a4a7-8000-3457-01ef9001ef90_84349=77263, _a-0000deea-a4a7-8000-3457-01ef9001ef90_84350=77264, _a-0000deea-a4a7-8000-3457-01ef9001ef90_84351=77265, _a-0000deea-a4a7-8000-3457-01ef9001ef90_84352=77266, _a-0000deea-a4a7-8000-3457-01ef9001ef90_84353=77267, _a-0000deea-a4a7-8000-3457-01ef9001ef90_84354=77268, _a-0000deea-a4a7-8000-3457-01ef9001ef90_84390=77304}]
2017-12-05 19:37:34.369 DEBUG application 77257 _a-0000deea-a4a7-8000-3457-01ef9001ef90_84343 Setting uuids of object references.
2017-12-05 19:37:34.369 DEBUG application 77257 _a-0000deea-a4a7-8000-3457-01ef9001ef90_84343 Processing reference: Application.forum
2017-12-05 19:37:34.37 DEBUG application 77257 _a-0000deea-a4a7-8000-3457-01ef9001ef90_84343 Processing reference: Application.parent
2017-12-05 19:37:34.374 DEBUG application 77257 _a-0000deea-a4a7-8000-3457-01ef9001ef90_84343 Processing reference: com.appiancorp.suiteapi.content.ContentRoleMap@1c6aa81f[
  ContentRole[name=readers,inherit=false,allowForAll=false]
  ContentRole[name=authors,inherit=false,allowForAll=false]
  ContentRole[name=administrators,usernames=[simranjits],inherit=false,allowForAll=false]
  ContentRole[name=denyReaders,inherit=false,allowForAll=false]
  ContentRole[name=denyAuthors,inherit=false,allowForAll=false]
  ContentRole[name=denyAdministrators,inherit=false,allowForAll=false]
  securityVector=129:SEC_PUBLIC=true,SEC_CREATOR_ADMIN=true,SEC_INH_ADMIN=false,SEC_INH_EDITOR=false,SEC_INH_VIEWER=false,SEC_ALL_ADMIN=false,SEC_ALL_EDITOR=false,SEC_ALL_VIEWER=false
]
2017-12-05 19:37:34.374 DEBUG application 77257 _a-0000deea-a4a7-8000-3457-01ef9001ef90_84343 Processing reference: ContentRole[name=readers,inherit=false,allowForAll=false]
2017-12-05 19:37:34.374 DEBUG application 77257 _a-0000deea-a4a7-8000-3457-01ef9001ef90_84343 Processing reference: ContentRole[name=authors,inherit=false,allowForAll=false]
2017-12-05 19:37:34.374 DEBUG application 77257 _a-0000deea-a4a7-8000-3457-01ef9001ef90_84343 Processing reference: ContentRole[name=administrators,usernames=[simranjits],inherit=false,allowForAll=false]
2017-12-05 19:37:34.376 DEBUG application 77257 _a-0000deea-a4a7-8000-3457-01ef9001ef90_84343 Processing reference: ContentRole[name=denyReaders,inherit=false,allowForAll=false]
2017-12-05 19:37:34.376 DEBUG application 77257 _a-0000deea-a4a7-8000-3457-01ef9001ef90_84343 Processing reference: ContentRole[name=denyAuthors,inherit=false,allowForAll=false]
2017-12-05 19:37:34.376 DEBUG application 77257 _a-0000deea-a4a7-8000-3457-01ef9001ef90_84343 Processing reference: ContentRole[name=denyAdministrators,inherit=false,allowForAll=false]
2017-12-05 19:37:34.38 DEBUG content 77258 _a-0000deea-a4a7-8000-3457-01ef9001ef90_84344 Begin transport.
2017-12-05 19:37:34.38 DEBUG content 77258 _a-0000deea-a4a7-8000-3457-01ef9001ef90_84344 Retrieving object data.
2017-12-05 19:37:34.393 DEBUG content 77258 _a-0000deea-a4a7-8000-3457-01ef9001ef90_84344 Setting uuids of object references.
2017-12-05 19:37:34.393 DEBUG content 77258 _a-0000deea-a4a7-8000-3457-01ef9001ef90_84344 Processing reference: RulesFolder.forum
2017-12-05 19:37:34.394 DEBUG content 77258 _a-0000deea-a4a7-8000-3457-01ef9001ef90_84344 Processing reference: RulesFolder.parent
2017-12-05 19:37:34.4 DEBUG content 77258 _a-0000deea-a4a7-8000-3457-01ef9001ef90_84344 Processing reference: com.appiancorp.suiteapi.content.ContentRoleMap@7d38fd36[
  ContentRole[name=readers,inherit=true,allowForAll=false]
  ContentRole[name=authors,inherit=true,allowForAll=false]
  ContentRole[name=administrators,inherit=true,allowForAll=false]
  ContentRole[name=denyReaders,inherit=false,allowForAll=false]
  ContentRole[name=denyAuthors,inherit=false,allowForAll=false]
  ContentRole[name=denyAdministrators,inherit=false,allowForAll=false]
  securityVector=15:SEC_PUBLIC=true,SEC_CREATOR_ADMIN=false,SEC_INH_ADMIN=true,SEC_INH_EDITOR=true,SEC_INH_VIEWER=true,SEC_ALL_ADMIN=false,SEC_ALL_EDITOR=false,SEC_ALL_VIEWER=false
]
2017-12-05 19:37:34.4 DEBUG content 77258 _a-0000deea-a4a7-8000-3457-01ef9001ef90_84344 Processing reference: ContentRole[name=readers,inherit=true,allowForAll=false]
2017-12-05 19:37:34.4 DEBUG content 77258 _a-0000deea-a4a7-8000-3457-01ef9001ef90_84344 Processing reference: ContentRole[name=authors,inherit=true,allowForAll=false]
2017-12-05 19:37:34.4 DEBUG content 77258 _a-0000deea-a4a7-8000-3457-01ef9001ef90_84344 Processing reference: ContentRole[name=administrators,inherit=true,allowForAll=false]
2017-12-05 19:37:34.4 DEBUG content 77258 _a-0000deea-a4a7-8000-3457-01ef9001ef90_84344 Processing reference: ContentRole[name=denyReaders,inherit=false,allowForAll=false]
2017-12-05 19:37:34.4 DEBUG content 77258 _a-0000deea-a4a7-8000-3457-01ef9001ef90_84344 Processing reference: ContentRole[name=denyAuthors,inherit=false,allowForAll=false]
2017-12-05 19:37:34.401 DEBUG content 77258 _a-0000deea-a4a7-8000-3457-01ef9001ef90_84344 Processing reference: ContentRole[name=denyAdministrators,inherit=false,allowForAll=false]
2017-12-05 19:37:34.401 DEBUG content 77258 _a-0000deea-a4a7-8000-3457-01ef9001ef90_84344 Completing produce.
2017-12-05 19:37:34.401 DEBUG content 77258 _a-0000deea-a4a7-8000-3457-01ef9001ef90_84344 Exporting binary resources.
2017-12-05 19:37:34.401 DEBUG content 77258 _a-0000deea-a4a7-8000-3457-01ef9001ef90_84344 Serializing object to XML.
2017-12-05 19:37:34.401 DEBUG content 77258 _a-0000deea-a4a7-8000-3457-01ef9001ef90_84344 Object transported.
2017-12-05 19:37:34.401 DEBUG content 77259 _a-0000deea-a4a7-8000-3457-01ef9001ef90_84345 Begin transport.
2017-12-05 19:37:34.401 DEBUG content 77259 _a-0000deea-a4a7-8000-3457-01ef9001ef90_84345 Retrieving object data.
2017-12-05 19:37:34.413 DEBUG content 77259 _a-0000deea-a4a7-8000-3457-01ef9001ef90_84345 Setting uuids of object references.
2017-12-05 19:37:34.413 DEBUG content 77259 _a-0000deea-a4a7-8000-3457-01ef9001ef90_84345 Processing reference: [Content:id=77259,versionId=-1,name=EMPLOYEE_1,description=,type=32,subtype=0,uuid=_a-0000deea-a4a7-8000-3457-01ef9001ef90_84345,parent=77258,parentName=Employee,parentType=2,log=77259,logName=EMPLOYEE_1,state=255,visibility=35,security=15,creator=simranjits,createdTimestamp=2017-11-15 19:49:34.0,updatedTimestamp=2017-11-15 19:49:34.0,size=0,lockedBy=,changesRequireApproval=false,attributes={system=0, hidden=0, ruletype=0, multiple=0, isEnvironmentSpecific=false, value=null, returnType=1},partition=2,partitionName=/usr/local/appian/_admin/accdocs2]
2017-12-05 19:37:34.413 DEBUG content 77259 _a-0000deea-a4a7-8000-3457-01ef9001ef90_84345 Processing reference: Constant.forum
2017-12-05 19:37:34.414 DEBUG content 77259 _a-0000deea-a4a7-8000-3457-01ef9001ef90_84345 Processing reference: Constant.parent
2017-12-05 19:37:34.418 DEBUG content 77259 _a-0000deea-a4a7-8000-3457-01ef9001ef90_84345 Processing reference: com.appiancorp.suiteapi.content.ContentRoleMap@6419a364[
  ContentRole[name=readers,inherit=true,allowForAll=false]
  ContentRole[name=authors,inherit=true,allowForAll=false]
  ContentRole[name=administrators,inherit=true,allowForAll=false]
  ContentRole[name=denyReaders,inherit=false,allowForAll=false]
  ContentRole[name=denyAuthors,inherit=false,allowForAll=false]
  ContentRole[name=denyAdministrators,inherit=false,allowForAll=false]
  securityVector=15:SEC_PUBLIC=true,SEC_CREATOR_ADMIN=false,SEC_INH_ADMIN=true,SEC_INH_EDITOR=true,SEC_INH_VIEWER=true,SEC_ALL_ADMIN=false,SEC_ALL_EDITOR=false,SEC_ALL_VIEWER=false
]
2017-12-05 19:37:34.418 DEBUG content 77259 _a-0000deea-a4a7-8000-3457-01ef9001ef90_84345 Processing reference: ContentRole[name=readers,inherit=true,allowForAll=false]
2017-12-05 19:37:34.418 DEBUG content 77259 _a-0000deea-a4a7-8000-3457-01ef9001ef90_84345 Processing reference: ContentRole[name=authors,inherit=true,allowForAll=false]
2017-12-05 19:37:34.418 DEBUG content 77259 _a-0000deea-a4a7-8000-3457-01ef9001ef90_84345 Processing reference: ContentRole[name=administrators,inherit=true,allowForAll=false]
2017-12-05 19:37:34.418 DEBUG content 77259 _a-0000deea-a4a7-8000-3457-01ef9001ef90_84345 Processing reference: ContentRole[name=denyReaders,inherit=false,allowForAll=false]
2017-12-05 19:37:34.418 DEBUG content 77259 _a-0000deea-a4a7-8000-3457-01ef9001ef90_84345 Processing reference: ContentRole[name=denyAuthors,inherit=false,allowForAll=false]
2017-12-05 19:37:34.418 DEBUG content 77259 _a-0000deea-a4a7-8000-3457-01ef9001ef90_84345 Processing reference: ContentRole[name=denyAdministrators,inherit=false,allowForAll=false]
2017-12-05 19:37:34.418 DEBUG content 77259 _a-0000deea-a4a7-8000-3457-01ef9001ef90_84345 Completing produce.
2017-12-05 19:37:34.418 DEBUG content 77259 _a-0000deea-a4a7-8000-3457-01ef9001ef90_84345 Exporting binary resources.
2017-12-05 19:37:34.418 DEBUG content 77259 _a-0000deea-a4a7-8000-3457-01ef9001ef90_84345 Serializing object to XML.
2017-12-05 19:37:34.423 DEBUG content 77259 _a-0000deea-a4a7-8000-3457-01ef9001ef90_84345 Object transported.
2017-12-05 19:37:34.423 DEBUG content 77260 _a-0000deea-a4a7-8000-3457-01ef9001ef90_84346 Begin transport.
2017-12-05 19:37:34.423 DEBUG content 77260 _a-0000deea-a4a7-8000-3457-01ef9001ef90_84346 Retrieving object data.
2017-12-05 19:37:34.435 DEBUG content 77260 _a-0000deea-a4a7-8000-3457-01ef9001ef90_84346 Setting uuids of object references.
2017-12-05 19:37:34.435 DEBUG content 77260 _a-0000deea-a4a7-8000-3457-01ef9001ef90_84346 Processing reference: [Content:id=77260,versionId=-1,name=EMPLOYEE_2,description=,type=32,subtype=0,uuid=_a-0000deea-a4a7-8000-3457-01ef9001ef90_84346,parent=77258,parentName=Employee,parentType=2,log=77260,logName=EMPLOYEE_2,state=255,visibility=35,security=15,creator=simranjits,createdTimestamp=2017-11-15 19:49:55.0,updatedTimestamp=2017-11-15 19:49:55.0,size=0,lockedBy=,changesRequireApproval=false,attributes={system=0, hidden=0, ruletype=0, multiple=0, isEnvironmentSpecific=false, value=null, returnType=1},partition=3,partitionName=/usr/local/appian/_admin/accdocs3]
2017-12-05 19:37:34.435 DEBUG content 77260 _a-0000deea-a4a7-8000-3457-01ef9001ef90_84346 Processing reference: Constant.forum
2017-12-05 19:37:34.436 DEBUG content 77260 _a-0000deea-a4a7-8000-3457-01ef9001ef90_84346 Processing reference: Constant.parent
2017-12-05 19:37:34.44 DEBUG content 77260 _a-0000deea-a4a7-8000-3457-01ef9001ef90_84346 Processing reference: com.appiancorp.suiteapi.content.ContentRoleMap@735b5031[
  ContentRole[name=readers,inherit=true,allowForAll=false]
  ContentRole[name=authors,inherit=true,allowForAll=false]
  ContentRole[name=administrators,inherit=true,allowForAll=false]
  ContentRole[name=denyReaders,inherit=false,allowForAll=false]
  ContentRole[name=denyAuthors,inherit=false,allowForAll=false]
  ContentRole[name=denyAdministrators,inherit=false,allowForAll=false]
  securityVector=15:SEC_PUBLIC=true,SEC_CREATOR_ADMIN=false,SEC_INH_ADMIN=true,SEC_INH_EDITOR=true,SEC_INH_VIEWER=true,SEC_ALL_ADMIN=false,SEC_ALL_EDITOR=false,SEC_ALL_VIEWER=false
]
2017-12-05 19:37:34.44 DEBUG content 77260 _a-0000deea-a4a7-8000-3457-01ef9001ef90_84346 Processing reference: ContentRole[name=readers,inherit=true,allowForAll=false]
2017-12-05 19:37:34.44 DEBUG content 77260 _a-0000deea-a4a7-8000-3457-01ef9001ef90_84346 Processing reference: ContentRole[name=authors,inherit=true,allowForAll=false]
2017-12-05 19:37:34.44 DEBUG content 77260 _a-0000deea-a4a7-8000-3457-01ef9001ef90_84346 Processing reference: ContentRole[name=administrators,inherit=true,allowForAll=false]
2017-12-05 19:37:34.44 DEBUG content 77260 _a-0000deea-a4a7-8000-3457-01ef9001ef90_84346 Processing reference: ContentRole[name=denyReaders,inherit=false,allowForAll=false]
2017-12-05 19:37:34.44 DEBUG content 77260 _a-0000deea-a4a7-8000-3457-01ef9001ef90_84346 Processing reference: ContentRole[name=denyAuthors,inherit=false,allowForAll=false]
2017-12-05 19:37:34.44 DEBUG content 77260 _a-0000deea-a4a7-8000-3457-01ef9001ef90_84346 Processing reference: ContentRole[name=denyAdministrators,inherit=false,allowForAll=false]
2017-12-05 19:37:34.44 DEBUG content 77260 _a-0000deea-a4a7-8000-3457-01ef9001ef90_84346 Completing produce.
2017-12-05 19:37:34.44 DEBUG content 77260 _a-0000deea-a4a7-8000-3457-01ef9001ef90_84346 Exporting binary resources.
2017-12-05 19:37:34.44 DEBUG content 77260 _a-0000deea-a4a7-8000-3457-01ef9001ef90_84346 Serializing object to XML.
2017-12-05 19:37:34.445 DEBUG content 77260 _a-0000deea-a4a7-8000-3457-01ef9001ef90_84346 Object transported.
2017-12-05 19:37:34.445 DEBUG content 77261 _a-0000deea-a4a7-8000-3457-01ef9001ef90_84347 Begin transport.
2017-12-05 19:37:34.445 DEBUG content 77261 _a-0000deea-a4a7-8000-3457-01ef9001ef90_84347 Retrieving object data.
2017-12-05 19:37:34.457 DEBUG content 77261 _a-0000deea-a4a7-8000-3457-01ef9001ef90_84347 Setting uuids of object references.
2017-12-05 19:37:34.457 DEBUG content 77261 _a-0000deea-a4a7-8000-3457-01ef9001ef90_84347 Processing reference: [Content:id=77261,versionId=-1,name=EMPLOYEE_3,description=,type=32,subtype=0,uuid=_a-0000deea-a4a7-8000-3457-01ef9001ef90_84347,parent=77258,parentName=Employee,parentType=2,log=77261,logName=EMPLOYEE_3,state=255,visibility=35,security=15,creator=simranjits,createdTimestamp=2017-11-15 19:50:02.0,updatedTimestamp=2017-11-15 19:50:02.0,size=0,lockedBy=,changesRequireApproval=false,attributes={system=0, hidden=0, ruletype=0, multiple=0, isEnvironmentSpecific=false, value=null, returnType=1},partition=1,partitionName=/usr/local/appian/_admin/accdocs1]
2017-12-05 19:37:34.457 DEBUG content 77261 _a-0000deea-a4a7-8000-3457-01ef9001ef90_84347 Processing reference: Constant.forum
2017-12-05 19:37:34.457 DEBUG content 77261 _a-0000deea-a4a7-8000-3457-01ef9001ef90_84347 Processing reference: Constant.parent
2017-12-05 19:37:34.458 DEBUG content 77261 _a-0000deea-a4a7-8000-3457-01ef9001ef90_84347 Processing reference: com.appiancorp.suiteapi.content.ContentRoleMap@4d8ada4[
  ContentRole[name=readers,inherit=true,allowForAll=false]
  ContentRole[name=authors,inherit=true,allowForAll=false]
  ContentRole[name=administrators,inherit=true,allowForAll=false]
  ContentRole[name=denyReaders,inherit=false,allowForAll=false]
  ContentRole[name=denyAuthors,inherit=false,allowForAll=false]
  ContentRole[name=denyAdministrators,inherit=false,allowForAll=false]
  securityVector=15:SEC_PUBLIC=true,SEC_CREATOR_ADMIN=false,SEC_INH_ADMIN=true,SEC_INH_EDITOR=true,SEC_INH_VIEWER=true,SEC_ALL_ADMIN=false,SEC_ALL_EDITOR=false,SEC_ALL_VIEWER=false
]
2017-12-05 19:37:34.458 DEBUG content 77261 _a-0000deea-a4a7-8000-3457-01ef9001ef90_84347 Processing reference: ContentRole[name=readers,inherit=true,allowForAll=false]
2017-12-05 19:37:34.458 DEBUG content 77261 _a-0000deea-a4a7-8000-3457-01ef9001ef90_84347 Processing reference: ContentRole[name=authors,inherit=true,allowForAll=false]
2017-12-05 19:37:34.458 DEBUG content 77261 _a-0000deea-a4a7-8000-3457-01ef9001ef90_84347 Processing reference: ContentRole[name=administrators,inherit=true,allowForAll=false]
2017-12-05 19:37:34.458 DEBUG content 77261 _a-0000deea-a4a7-8000-3457-01ef9001ef90_84347 Processing reference: ContentRole[name=denyReaders,inherit=false,allowForAll=false]
2017-12-05 19:37:34.458 DEBUG content 77261 _a-0000deea-a4a7-8000-3457-01ef9001ef90_84347 Processing reference: ContentRole[name=denyAuthors,inherit=false,allowForAll=false]
2017-12-05 19:37:34.458 DEBUG content 77261 _a-0000deea-a4a7-8000-3457-01ef9001ef90_84347 Processing reference: ContentRole[name=denyAdministrators,inherit=false,allowForAll=false]
2017-12-05 19:37:34.458 DEBUG content 77261 _a-0000deea-a4a7-8000-3457-01ef9001ef90_84347 Completing produce.
2017-12-05 19:37:34.458 DEBUG content 77261 _a-0000deea-a4a7-8000-3457-01ef9001ef90_84347 Exporting binary resources.
2017-12-05 19:37:34.458 DEBUG content 77261 _a-0000deea-a4a7-8000-3457-01ef9001ef90_84347 Serializing object to XML.
2017-12-05 19:37:34.459 DEBUG content 77261 _a-0000deea-a4a7-8000-3457-01ef9001ef90_84347 Object transported.
2017-12-05 19:37:34.459 DEBUG content 77262 _a-0000deea-a4a7-8000-3457-01ef9001ef90_84348 Begin transport.
2017-12-05 19:37:34.459 DEBUG content 77262 _a-0000deea-a4a7-8000-3457-01ef9001ef90_84348 Retrieving object data.
2017-12-05 19:37:34.463 DEBUG content 77262 _a-0000deea-a4a7-8000-3457-01ef9001ef90_84348 Setting uuids of object references.
2017-12-05 19:37:34.463 DEBUG content 77262 _a-0000deea-a4a7-8000-3457-01ef9001ef90_84348 Processing reference: [Content:id=77262,versionId=-1,name=EMPLOYEE_4,description=,type=32,subtype=0,uuid=_a-0000deea-a4a7-8000-3457-01ef9001ef90_84348,parent=77258,parentName=Employee,parentType=2,log=77262,logName=EMPLOYEE_4,state=255,visibility=35,security=15,creator=simranjits,createdTimestamp=2017-11-15 19:50:10.0,updatedTimestamp=2017-11-15 19:50:10.0,size=0,lockedBy=,changesRequireApproval=false,attributes={system=0, hidden=0, ruletype=0, multiple=0, isEnvironmentSpecific=false, value=null, returnType=1},partition=2,partitionName=/usr/local/appian/_admin/accdocs2]
2017-12-05 19:37:34.463 DEBUG content 77262 _a-0000deea-a4a7-8000-3457-01ef9001ef90_84348 Processing reference: Constant.forum
2017-12-05 19:37:34.463 DEBUG content 77262 _a-0000deea-a4a7-8000-3457-01ef9001ef90_84348 Processing reference: Constant.parent
2017-12-05 19:37:34.464 DEBUG content 77262 _a-0000deea-a4a7-8000-3457-01ef9001ef90_84348 Processing reference: com.appiancorp.suiteapi.content.ContentRoleMap@21093e63[
  ContentRole[name=readers,inherit=true,allowForAll=false]
  ContentRole[name=authors,inherit=true,allowForAll=false]
  ContentRole[name=administrators,inherit=true,allowForAll=false]
  ContentRole[name=denyReaders,inherit=false,allowForAll=false]
  ContentRole[name=denyAuthors,inherit=false,allowForAll=false]
  ContentRole[name=denyAdministrators,inherit=false,allowForAll=false]
  securityVector=15:SEC_PUBLIC=true,SEC_CREATOR_ADMIN=false,SEC_INH_ADMIN=true,SEC_INH_EDITOR=true,SEC_INH_VIEWER=true,SEC_ALL_ADMIN=false,SEC_ALL_EDITOR=false,SEC_ALL_VIEWER=false
]
2017-12-05 19:37:34.464 DEBUG content 77262 _a-0000deea-a4a7-8000-3457-01ef9001ef90_84348 Processing reference: ContentRole[name=readers,inherit=true,allowForAll=false]
2017-12-05 19:37:34.464 DEBUG content 77262 _a-0000deea-a4a7-8000-3457-01ef9001ef90_84348 Processing reference: ContentRole[name=authors,inherit=true,allowForAll=false]
2017-12-05 19:37:34.464 DEBUG content 77262 _a-0000deea-a4a7-8000-3457-01ef9001ef90_84348 Processing reference: ContentRole[name=administrators,inherit=true,allowForAll=false]
2017-12-05 19:37:34.464 DEBUG content 77262 _a-0000deea-a4a7-8000-3457-01ef9001ef90_84348 Processing reference: ContentRole[name=denyReaders,inherit=false,allowForAll=false]
2017-12-05 19:37:34.464 DEBUG content 77262 _a-0000deea-a4a7-8000-3457-01ef9001ef90_84348 Processing reference: ContentRole[name=denyAuthors,inherit=false,allowForAll=false]
2017-12-05 19:37:34.464 DEBUG content 77262 _a-0000deea-a4a7-8000-3457-01ef9001ef90_84348 Processing reference: ContentRole[name=denyAdministrators,inherit=false,allowForAll=false]
2017-12-05 19:37:34.465 DEBUG content 77262 _a-0000deea-a4a7-8000-3457-01ef9001ef90_84348 Completing produce.
2017-12-05 19:37:34.465 DEBUG content 77262 _a-0000deea-a4a7-8000-3457-01ef9001ef90_84348 Exporting binary resources.
2017-12-05 19:37:34.465 DEBUG content 77262 _a-0000deea-a4a7-8000-3457-01ef9001ef90_84348 Serializing object to XML.
2017-12-05 19:37:34.466 DEBUG content 77262 _a-0000deea-a4a7-8000-3457-01ef9001ef90_84348 Object transported.
2017-12-05 19:37:34.466 DEBUG content 77263 _a-0000deea-a4a7-8000-3457-01ef9001ef90_84349 Begin transport.
2017-12-05 19:37:34.466 DEBUG content 77263 _a-0000deea-a4a7-8000-3457-01ef9001ef90_84349 Retrieving object data.
2017-12-05 19:37:34.47 DEBUG content 77263 _a-0000deea-a4a7-8000-3457-01ef9001ef90_84349 Setting uuids of object references.
2017-12-05 19:37:34.47 DEBUG content 77263 _a-0000deea-a4a7-8000-3457-01ef9001ef90_84349 Processing reference: [Content:id=77263,versionId=-1,name=EMPLOYEE_5,description=,type=32,subtype=0,uuid=_a-0000deea-a4a7-8000-3457-01ef9001ef90_84349,parent=77258,parentName=Employee,parentType=2,log=77263,logName=EMPLOYEE_5,state=255,visibility=35,security=15,creator=simranjits,createdTimestamp=2017-11-15 19:50:17.0,updatedTimestamp=2017-11-15 19:50:17.0,size=0,lockedBy=,changesRequireApproval=false,attributes={system=0, hidden=0, ruletype=0, multiple=0, isEnvironmentSpecific=false, value=null, returnType=1},partition=3,partitionName=/usr/local/appian/_admin/accdocs3]
2017-12-05 19:37:34.47 DEBUG content 77263 _a-0000deea-a4a7-8000-3457-01ef9001ef90_84349 Processing reference: Constant.forum
2017-12-05 19:37:34.47 DEBUG content 77263 _a-0000deea-a4a7-8000-3457-01ef9001ef90_84349 Processing reference: Constant.parent
2017-12-05 19:37:34.471 DEBUG content 77263 _a-0000deea-a4a7-8000-3457-01ef9001ef90_84349 Processing reference: com.appiancorp.suiteapi.content.ContentRoleMap@69dd74aa[
  ContentRole[name=readers,inherit=true,allowForAll=false]
  ContentRole[name=authors,inherit=true,allowForAll=false]
  ContentRole[name=administrators,inherit=true,allowForAll=false]
  ContentRole[name=denyReaders,inherit=false,allowForAll=false]
  ContentRole[name=denyAuthors,inherit=false,allowForAll=false]
  ContentRole[name=denyAdministrators,inherit=false,allowForAll=false]
  securityVector=15:SEC_PUBLIC=true,SEC_CREATOR_ADMIN=false,SEC_INH_ADMIN=true,SEC_INH_EDITOR=true,SEC_INH_VIEWER=true,SEC_ALL_ADMIN=false,SEC_ALL_EDITOR=false,SEC_ALL_VIEWER=false
]
2017-12-05 19:37:34.471 DEBUG content 77263 _a-0000deea-a4a7-8000-3457-01ef9001ef90_84349 Processing reference: ContentRole[name=readers,inherit=true,allowForAll=false]
2017-12-05 19:37:34.471 DEBUG content 77263 _a-0000deea-a4a7-8000-3457-01ef9001ef90_84349 Processing reference: ContentRole[name=authors,inherit=true,allowForAll=false]
2017-12-05 19:37:34.471 DEBUG content 77263 _a-0000deea-a4a7-8000-3457-01ef9001ef90_84349 Processing reference: ContentRole[name=administrators,inherit=true,allowForAll=false]
2017-12-05 19:37:34.471 DEBUG content 77263 _a-0000deea-a4a7-8000-3457-01ef9001ef90_84349 Processing reference: ContentRole[name=denyReaders,inherit=false,allowForAll=false]
2017-12-05 19:37:34.471 DEBUG content 77263 _a-0000deea-a4a7-8000-3457-01ef9001ef90_84349 Processing reference: ContentRole[name=denyAuthors,inherit=false,allowForAll=false]
2017-12-05 19:37:34.471 DEBUG content 77263 _a-0000deea-a4a7-8000-3457-01ef9001ef90_84349 Processing reference: ContentRole[name=denyAdministrators,inherit=false,allowForAll=false]
2017-12-05 19:37:34.471 DEBUG content 77263 _a-0000deea-a4a7-8000-3457-01ef9001ef90_84349 Completing produce.
2017-12-05 19:37:34.471 DEBUG content 77263 _a-0000deea-a4a7-8000-3457-01ef9001ef90_84349 Exporting binary resources.
2017-12-05 19:37:34.471 DEBUG content 77263 _a-0000deea-a4a7-8000-3457-01ef9001ef90_84349 Serializing object to XML.
2017-12-05 19:37:34.472 DEBUG content 77263 _a-0000deea-a4a7-8000-3457-01ef9001ef90_84349 Object transported.
2017-12-05 19:37:34.472 DEBUG content 77264 _a-0000deea-a4a7-8000-3457-01ef9001ef90_84350 Begin transport.
2017-12-05 19:37:34.472 DEBUG content 77264 _a-0000deea-a4a7-8000-3457-01ef9001ef90_84350 Retrieving object data.
2017-12-05 19:37:34.476 DEBUG content 77264 _a-0000deea-a4a7-8000-3457-01ef9001ef90_84350 Setting uuids of object references.
2017-12-05 19:37:34.476 DEBUG content 77264 _a-0000deea-a4a7-8000-3457-01ef9001ef90_84350 Processing reference: [Content:id=77264,versionId=-1,name=EMPLOYEE_6,description=,type=32,subtype=0,uuid=_a-0000deea-a4a7-8000-3457-01ef9001ef90_84350,parent=77258,parentName=Employee,parentType=2,log=77264,logName=EMPLOYEE_6,state=255,visibility=35,security=15,creator=simranjits,createdTimestamp=2017-11-15 19:50:28.0,updatedTimestamp=2017-11-15 19:50:28.0,size=0,lockedBy=,changesRequireApproval=false,attributes={system=0, hidden=0, ruletype=0, multiple=0, isEnvironmentSpecific=false, value=null, returnType=1},partition=1,partitionName=/usr/local/appian/_admin/accdocs1]
2017-12-05 19:37:34.476 DEBUG content 77264 _a-0000deea-a4a7-8000-3457-01ef9001ef90_84350 Processing reference: Constant.forum
2017-12-05 19:37:34.476 DEBUG content 77264 _a-0000deea-a4a7-8000-3457-01ef9001ef90_84350 Processing reference: Constant.parent
2017-12-05 19:37:34.477 DEBUG content 77264 _a-0000deea-a4a7-8000-3457-01ef9001ef90_84350 Processing reference: com.appiancorp.suiteapi.content.ContentRoleMap@369a0bd0[
  ContentRole[name=readers,inherit=true,allowForAll=false]
  ContentRole[name=authors,inherit=true,allowForAll=false]
  ContentRole[name=administrators,inherit=true,allowForAll=false]
  ContentRole[name=denyReaders,inherit=false,allowForAll=false]
  ContentRole[name=denyAuthors,inherit=false,allowForAll=false]
  ContentRole[name=denyAdministrators,inherit=false,allowForAll=false]
  securityVector=15:SEC_PUBLIC=true,SEC_CREATOR_ADMIN=false,SEC_INH_ADMIN=true,SEC_INH_EDITOR=true,SEC_INH_VIEWER=true,SEC_ALL_ADMIN=false,SEC_ALL_EDITOR=false,SEC_ALL_VIEWER=false
]
2017-12-05 19:37:34.477 DEBUG content 77264 _a-0000deea-a4a7-8000-3457-01ef9001ef90_84350 Processing reference: ContentRole[name=readers,inherit=true,allowForAll=false]
2017-12-05 19:37:34.477 DEBUG content 77264 _a-0000deea-a4a7-8000-3457-01ef9001ef90_84350 Processing reference: ContentRole[name=authors,inherit=true,allowForAll=false]
2017-12-05 19:37:34.477 DEBUG content 77264 _a-0000deea-a4a7-8000-3457-01ef9001ef90_84350 Processing reference: ContentRole[name=administrators,inherit=true,allowForAll=false]
2017-12-05 19:37:34.477 DEBUG content 77264 _a-0000deea-a4a7-8000-3457-01ef9001ef90_84350 Processing reference: ContentRole[name=denyReaders,inherit=false,allowForAll=false]
2017-12-05 19:37:34.477 DEBUG content 77264 _a-0000deea-a4a7-8000-3457-01ef9001ef90_84350 Processing reference: ContentRole[name=denyAuthors,inherit=false,allowForAll=false]
2017-12-05 19:37:34.477 DEBUG content 77264 _a-0000deea-a4a7-8000-3457-01ef9001ef90_84350 Processing reference: ContentRole[name=denyAdministrators,inherit=false,allowForAll=false]
2017-12-05 19:37:34.477 DEBUG content 77264 _a-0000deea-a4a7-8000-3457-01ef9001ef90_84350 Completing produce.
2017-12-05 19:37:34.477 DEBUG content 77264 _a-0000deea-a4a7-8000-3457-01ef9001ef90_84350 Exporting binary resources.
2017-12-05 19:37:34.477 DEBUG content 77264 _a-0000deea-a4a7-8000-3457-01ef9001ef90_84350 Serializing object to XML.
2017-12-05 19:37:34.479 DEBUG content 77264 _a-0000deea-a4a7-8000-3457-01ef9001ef90_84350 Object transported.
2017-12-05 19:37:34.479 DEBUG content 77265 _a-0000deea-a4a7-8000-3457-01ef9001ef90_84351 Begin transport.
2017-12-05 19:37:34.479 DEBUG content 77265 _a-0000deea-a4a7-8000-3457-01ef9001ef90_84351 Retrieving object data.
2017-12-05 19:37:34.483 DEBUG content 77265 _a-0000deea-a4a7-8000-3457-01ef9001ef90_84351 Setting uuids of object references.
2017-12-05 19:37:34.483 DEBUG content 77265 _a-0000deea-a4a7-8000-3457-01ef9001ef90_84351 Processing reference: [Content:id=77265,versionId=-1,name=EMPLOYEE_7,description=,type=32,subtype=0,uuid=_a-0000deea-a4a7-8000-3457-01ef9001ef90_84351,parent=77258,parentName=Employee,parentType=2,log=77265,logName=EMPLOYEE_7,state=255,visibility=35,security=15,creator=simranjits,createdTimestamp=2017-11-15 19:50:35.0,updatedTimestamp=2017-11-15 19:50:35.0,size=0,lockedBy=,changesRequireApproval=false,attributes={system=0, hidden=0, ruletype=0, multiple=0, isEnvironmentSpecific=false, value=null, returnType=1},partition=2,partitionName=/usr/local/appian/_admin/accdocs2]
2017-12-05 19:37:34.483 DEBUG content 77265 _a-0000deea-a4a7-8000-3457-01ef9001ef90_84351 Processing reference: Constant.forum
2017-12-05 19:37:34.484 DEBUG content 77265 _a-0000deea-a4a7-8000-3457-01ef9001ef90_84351 Processing reference: Constant.parent
2017-12-05 19:37:34.485 DEBUG content 77265 _a-0000deea-a4a7-8000-3457-01ef9001ef90_84351 Processing reference: com.appiancorp.suiteapi.content.ContentRoleMap@8b16914[
  ContentRole[name=readers,inherit=true,allowForAll=false]
  ContentRole[name=authors,inherit=true,allowForAll=false]
  ContentRole[name=administrators,inherit=true,allowForAll=false]
  ContentRole[name=denyReaders,inherit=false,allowForAll=false]
  ContentRole[name=denyAuthors,inherit=false,allowForAll=false]
  ContentRole[name=denyAdministrators,inherit=false,allowForAll=false]
  securityVector=15:SEC_PUBLIC=true,SEC_CREATOR_ADMIN=false,SEC_INH_ADMIN=true,SEC_INH_EDITOR=true,SEC_INH_VIEWER=true,SEC_ALL_ADMIN=false,SEC_ALL_EDITOR=false,SEC_ALL_VIEWER=false
]
2017-12-05 19:37:34.485 DEBUG content 77265 _a-0000deea-a4a7-8000-3457-01ef9001ef90_84351 Processing reference: ContentRole[name=readers,inherit=true,allowForAll=false]
2017-12-05 19:37:34.485 DEBUG content 77265 _a-0000deea-a4a7-8000-3457-01ef9001ef90_84351 Processing reference: ContentRole[name=authors,inherit=true,allowForAll=false]
2017-12-05 19:37:34.485 DEBUG content 77265 _a-0000deea-a4a7-8000-3457-01ef9001ef90_84351 Processing reference: ContentRole[name=administrators,inherit=true,allowForAll=false]
2017-12-05 19:37:34.485 DEBUG content 77265 _a-0000deea-a4a7-8000-3457-01ef9001ef90_84351 Processing reference: ContentRole[name=denyReaders,inherit=false,allowForAll=false]
2017-12-05 19:37:34.485 DEBUG content 77265 _a-0000deea-a4a7-8000-3457-01ef9001ef90_84351 Processing reference: ContentRole[name=denyAuthors,inherit=false,allowForAll=false]
2017-12-05 19:37:34.485 DEBUG content 77265 _a-0000deea-a4a7-8000-3457-01ef9001ef90_84351 Processing reference: ContentRole[name=denyAdministrators,inherit=false,allowForAll=false]
2017-12-05 19:37:34.485 DEBUG content 77265 _a-0000deea-a4a7-8000-3457-01ef9001ef90_84351 Completing produce.
2017-12-05 19:37:34.485 DEBUG content 77265 _a-0000deea-a4a7-8000-3457-01ef9001ef90_84351 Exporting binary resources.
2017-12-05 19:37:34.485 DEBUG content 77265 _a-0000deea-a4a7-8000-3457-01ef9001ef90_84351 Serializing object to XML.
2017-12-05 19:37:34.487 DEBUG content 77265 _a-0000deea-a4a7-8000-3457-01ef9001ef90_84351 Object transported.
2017-12-05 19:37:34.487 DEBUG content 77266 _a-0000deea-a4a7-8000-3457-01ef9001ef90_84352 Begin transport.
2017-12-05 19:37:34.487 DEBUG content 77266 _a-0000deea-a4a7-8000-3457-01ef9001ef90_84352 Retrieving object data.
2017-12-05 19:37:34.493 DEBUG content 77266 _a-0000deea-a4a7-8000-3457-01ef9001ef90_84352 Setting uuids of object references.
2017-12-05 19:37:34.493 DEBUG content 77266 _a-0000deea-a4a7-8000-3457-01ef9001ef90_84352 Processing reference: [Content:id=77266,versionId=-1,name=EMPLOYEE_9,description=,type=32,subtype=0,uuid=_a-0000deea-a4a7-8000-3457-01ef9001ef90_84352,parent=77258,parentName=Employee,parentType=2,log=77266,logName=EMPLOYEE_9,state=255,visibility=35,security=15,creator=simranjits,createdTimestamp=2017-11-15 19:50:43.0,updatedTimestamp=2017-11-15 19:50:43.0,size=0,lockedBy=,changesRequireApproval=false,attributes={system=0, hidden=0, ruletype=0, multiple=0, isEnvironmentSpecific=false, value=null, returnType=1},partition=3,partitionName=/usr/local/appian/_admin/accdocs3]
2017-12-05 19:37:34.493 DEBUG content 77266 _a-0000deea-a4a7-8000-3457-01ef9001ef90_84352 Processing reference: Constant.forum
2017-12-05 19:37:34.494 DEBUG content 77266 _a-0000deea-a4a7-8000-3457-01ef9001ef90_84352 Processing reference: Constant.parent
2017-12-05 19:37:34.496 DEBUG content 77266 _a-0000deea-a4a7-8000-3457-01ef9001ef90_84352 Processing reference: com.appiancorp.suiteapi.content.ContentRoleMap@503313a4[
  ContentRole[name=readers,inherit=true,allowForAll=false]
  ContentRole[name=authors,inherit=true,allowForAll=false]
  ContentRole[name=administrators,inherit=true,allowForAll=false]
  ContentRole[name=denyReaders,inherit=false,allowForAll=false]
  ContentRole[name=denyAuthors,inherit=false,allowForAll=false]
  ContentRole[name=denyAdministrators,inherit=false,allowForAll=false]
  securityVector=15:SEC_PUBLIC=true,SEC_CREATOR_ADMIN=false,SEC_INH_ADMIN=true,SEC_INH_EDITOR=true,SEC_INH_VIEWER=true,SEC_ALL_ADMIN=false,SEC_ALL_EDITOR=false,SEC_ALL_VIEWER=false
]
2017-12-05 19:37:34.496 DEBUG content 77266 _a-0000deea-a4a7-8000-3457-01ef9001ef90_84352 Processing reference: ContentRole[name=readers,inherit=true,allowForAll=false]
2017-12-05 19:37:34.496 DEBUG content 77266 _a-0000deea-a4a7-8000-3457-01ef9001ef90_84352 Processing reference: ContentRole[name=authors,inherit=true,allowForAll=false]
2017-12-05 19:37:34.496 DEBUG content 77266 _a-0000deea-a4a7-8000-3457-01ef9001ef90_84352 Processing reference: ContentRole[name=administrators,inherit=true,allowForAll=false]
2017-12-05 19:37:34.496 DEBUG content 77266 _a-0000deea-a4a7-8000-3457-01ef9001ef90_84352 Processing reference: ContentRole[name=denyReaders,inherit=false,allowForAll=false]
2017-12-05 19:37:34.496 DEBUG content 77266 _a-0000deea-a4a7-8000-3457-01ef9001ef90_84352 Processing reference: ContentRole[name=denyAuthors,inherit=false,allowForAll=false]
2017-12-05 19:37:34.496 DEBUG content 77266 _a-0000deea-a4a7-8000-3457-01ef9001ef90_84352 Processing reference: ContentRole[name=denyAdministrators,inherit=false,allowForAll=false]
2017-12-05 19:37:34.496 DEBUG content 77266 _a-0000deea-a4a7-8000-3457-01ef9001ef90_84352 Completing produce.
2017-12-05 19:37:34.496 DEBUG content 77266 _a-0000deea-a4a7-8000-3457-01ef9001ef90_84352 Exporting binary resources.
2017-12-05 19:37:34.496 DEBUG content 77266 _a-0000deea-a4a7-8000-3457-01ef9001ef90_84352 Serializing object to XML.
2017-12-05 19:37:34.499 DEBUG content 77266 _a-0000deea-a4a7-8000-3457-01ef9001ef90_84352 Object transported.
2017-12-05 19:37:34.499 DEBUG content 77267 _a-0000deea-a4a7-8000-3457-01ef9001ef90_84353 Begin transport.
2017-12-05 19:37:34.499 DEBUG content 77267 _a-0000deea-a4a7-8000-3457-01ef9001ef90_84353 Retrieving object data.
2017-12-05 19:37:34.51 DEBUG content 77267 _a-0000deea-a4a7-8000-3457-01ef9001ef90_84353 Setting uuids of object references.
2017-12-05 19:37:34.51 DEBUG content 77267 _a-0000deea-a4a7-8000-3457-01ef9001ef90_84353 Processing reference: [Content:id=77267,versionId=-1,name=EMPLOYEE_8,description=,type=32,subtype=0,uuid=_a-0000deea-a4a7-8000-3457-01ef9001ef90_84353,parent=77258,parentName=Employee,parentType=2,log=77267,logName=EMPLOYEE_8,state=255,visibility=35,security=15,creator=simranjits,createdTimestamp=2017-11-15 19:50:53.0,updatedTimestamp=2017-11-15 19:50:53.0,size=0,lockedBy=,changesRequireApproval=false,attributes={system=0, hidden=0, ruletype=0, multiple=0, isEnvironmentSpecific=false, value=null, returnType=1},partition=1,partitionName=/usr/local/appian/_admin/accdocs1]
2017-12-05 19:37:34.51 DEBUG content 77267 _a-0000deea-a4a7-8000-3457-01ef9001ef90_84353 Processing reference: Constant.forum
2017-12-05 19:37:34.511 DEBUG content 77267 _a-0000deea-a4a7-8000-3457-01ef9001ef90_84353 Processing reference: Constant.parent
2017-12-05 19:37:34.515 DEBUG content 77267 _a-0000deea-a4a7-8000-3457-01ef9001ef90_84353 Processing reference: com.appiancorp.suiteapi.content.ContentRoleMap@70877e4d[
  ContentRole[name=readers,inherit=true,allowForAll=false]
  ContentRole[name=authors,inherit=true,allowForAll=false]
  ContentRole[name=administrators,inherit=true,allowForAll=false]
  ContentRole[name=denyReaders,inherit=false,allowForAll=false]
  ContentRole[name=denyAuthors,inherit=false,allowForAll=false]
  ContentRole[name=denyAdministrators,inherit=false,allowForAll=false]
  securityVector=15:SEC_PUBLIC=true,SEC_CREATOR_ADMIN=false,SEC_INH_ADMIN=true,SEC_INH_EDITOR=true,SEC_INH_VIEWER=true,SEC_ALL_ADMIN=false,SEC_ALL_EDITOR=false,SEC_ALL_VIEWER=false
]
2017-12-05 19:37:34.515 DEBUG content 77267 _a-0000deea-a4a7-8000-3457-01ef9001ef90_84353 Processing reference: ContentRole[name=readers,inherit=true,allowForAll=false]
2017-12-05 19:37:34.515 DEBUG content 77267 _a-0000deea-a4a7-8000-3457-01ef9001ef90_84353 Processing reference: ContentRole[name=authors,inherit=true,allowForAll=false]
2017-12-05 19:37:34.515 DEBUG content 77267 _a-0000deea-a4a7-8000-3457-01ef9001ef90_84353 Processing reference: ContentRole[name=administrators,inherit=true,allowForAll=false]
2017-12-05 19:37:34.515 DEBUG content 77267 _a-0000deea-a4a7-8000-3457-01ef9001ef90_84353 Processing reference: ContentRole[name=denyReaders,inherit=false,allowForAll=false]
2017-12-05 19:37:34.515 DEBUG content 77267 _a-0000deea-a4a7-8000-3457-01ef9001ef90_84353 Processing reference: ContentRole[name=denyAuthors,inherit=false,allowForAll=false]
2017-12-05 19:37:34.515 DEBUG content 77267 _a-0000deea-a4a7-8000-3457-01ef9001ef90_84353 Processing reference: ContentRole[name=denyAdministrators,inherit=false,allowForAll=false]
2017-12-05 19:37:34.515 DEBUG content 77267 _a-0000deea-a4a7-8000-3457-01ef9001ef90_84353 Completing produce.
2017-12-05 19:37:34.515 DEBUG content 77267 _a-0000deea-a4a7-8000-3457-01ef9001ef90_84353 Exporting binary resources.
2017-12-05 19:37:34.515 DEBUG content 77267 _a-0000deea-a4a7-8000-3457-01ef9001ef90_84353 Serializing object to XML.
2017-12-05 19:37:34.519 DEBUG content 77267 _a-0000deea-a4a7-8000-3457-01ef9001ef90_84353 Object transported.
2017-12-05 19:37:34.519 DEBUG content 77268 _a-0000deea-a4a7-8000-3457-01ef9001ef90_84354 Begin transport.
2017-12-05 19:37:34.519 DEBUG content 77268 _a-0000deea-a4a7-8000-3457-01ef9001ef90_84354 Retrieving object data.
2017-12-05 19:37:34.53 DEBUG content 77268 _a-0000deea-a4a7-8000-3457-01ef9001ef90_84354 Setting uuids of object references.
2017-12-05 19:37:34.53 DEBUG content 77268 _a-0000deea-a4a7-8000-3457-01ef9001ef90_84354 Processing reference: [Content:id=77268,versionId=-1,name=EMPLOYEE_10,description=,type=32,subtype=0,uuid=_a-0000deea-a4a7-8000-3457-01ef9001ef90_84354,parent=77258,parentName=Employee,parentType=2,log=77268,logName=EMPLOYEE_10,state=255,visibility=35,security=15,creator=simranjits,createdTimestamp=2017-11-15 19:51:00.0,updatedTimestamp=2017-11-15 19:51:00.0,size=0,lockedBy=,changesRequireApproval=false,attributes={system=0, hidden=0, ruletype=0, multiple=0, isEnvironmentSpecific=false, value=null, returnType=1},partition=2,partitionName=/usr/local/appian/_admin/accdocs2]
2017-12-05 19:37:34.53 DEBUG content 77268 _a-0000deea-a4a7-8000-3457-01ef9001ef90_84354 Processing reference: Constant.forum
2017-12-05 19:37:34.531 DEBUG content 77268 _a-0000deea-a4a7-8000-3457-01ef9001ef90_84354 Processing reference: Constant.parent
2017-12-05 19:37:34.535 DEBUG content 77268 _a-0000deea-a4a7-8000-3457-01ef9001ef90_84354 Processing reference: com.appiancorp.suiteapi.content.ContentRoleMap@2d4d8920[
  ContentRole[name=readers,inherit=true,allowForAll=false]
  ContentRole[name=authors,inherit=true,allowForAll=false]
  ContentRole[name=administrators,inherit=true,allowForAll=false]
  ContentRole[name=denyReaders,inherit=false,allowForAll=false]
  ContentRole[name=denyAuthors,inherit=false,allowForAll=false]
  ContentRole[name=denyAdministrators,inherit=false,allowForAll=false]
  securityVector=15:SEC_PUBLIC=true,SEC_CREATOR_ADMIN=false,SEC_INH_ADMIN=true,SEC_INH_EDITOR=true,SEC_INH_VIEWER=true,SEC_ALL_ADMIN=false,SEC_ALL_EDITOR=false,SEC_ALL_VIEWER=false
]
2017-12-05 19:37:34.535 DEBUG content 77268 _a-0000deea-a4a7-8000-3457-01ef9001ef90_84354 Processing reference: ContentRole[name=readers,inherit=true,allowForAll=false]
2017-12-05 19:37:34.535 DEBUG content 77268 _a-0000deea-a4a7-8000-3457-01ef9001ef90_84354 Processing reference: ContentRole[name=authors,inherit=true,allowForAll=false]
2017-12-05 19:37:34.535 DEBUG content 77268 _a-0000deea-a4a7-8000-3457-01ef9001ef90_84354 Processing reference: ContentRole[name=administrators,inherit=true,allowForAll=false]
2017-12-05 19:37:34.535 DEBUG content 77268 _a-0000deea-a4a7-8000-3457-01ef9001ef90_84354 Processing reference: ContentRole[name=denyReaders,inherit=false,allowForAll=false]
2017-12-05 19:37:34.535 DEBUG content 77268 _a-0000deea-a4a7-8000-3457-01ef9001ef90_84354 Processing reference: ContentRole[name=denyAuthors,inherit=false,allowForAll=false]
2017-12-05 19:37:34.535 DEBUG content 77268 _a-0000deea-a4a7-8000-3457-01ef9001ef90_84354 Processing reference: ContentRole[name=denyAdministrators,inherit=false,allowForAll=false]
2017-12-05 19:37:34.535 DEBUG content 77268 _a-0000deea-a4a7-8000-3457-01ef9001ef90_84354 Completing produce.
2017-12-05 19:37:34.535 DEBUG content 77268 _a-0000deea-a4a7-8000-3457-01ef9001ef90_84354 Exporting binary resources.
2017-12-05 19:37:34.535 DEBUG content 77268 _a-0000deea-a4a7-8000-3457-01ef9001ef90_84354 Serializing object to XML.
2017-12-05 19:37:34.539 DEBUG content 77268 _a-0000deea-a4a7-8000-3457-01ef9001ef90_84354 Object transported.
2017-12-05 19:37:34.539 DEBUG content 77304 _a-0000deea-a4a7-8000-3457-01ef9001ef90_84390 Begin transport.
2017-12-05 19:37:34.539 DEBUG content 77304 _a-0000deea-a4a7-8000-3457-01ef9001ef90_84390 Retrieving object data.
2017-12-05 19:37:34.55 DEBUG content 77304 _a-0000deea-a4a7-8000-3457-01ef9001ef90_84390 Setting uuids of object references.
2017-12-05 19:37:34.551 DEBUG content 77304 _a-0000deea-a4a7-8000-3457-01ef9001ef90_84390 Processing reference: [Content:id=77304,versionId=-1,name=EMPLOYEE_12,description=,type=32,subtype=0,uuid=_a-0000deea-a4a7-8000-3457-01ef9001ef90_84390,parent=77258,parentName=Employee,parentType=2,log=77304,logName=EMPLOYEE_12,state=255,visibility=35,security=15,creator=simranjits,createdTimestamp=2017-11-15 22:02:37.0,updatedTimestamp=2017-11-15 22:02:37.0,size=0,lockedBy=,changesRequireApproval=false,attributes={system=0, hidden=0, ruletype=0, multiple=0, isEnvironmentSpecific=false, value=null, returnType=1},partition=3,partitionName=/usr/local/appian/_admin/accdocs3]
2017-12-05 19:37:34.551 DEBUG content 77304 _a-0000deea-a4a7-8000-3457-01ef9001ef90_84390 Processing reference: Constant.forum
2017-12-05 19:37:34.552 DEBUG content 77304 _a-0000deea-a4a7-8000-3457-01ef9001ef90_84390 Processing reference: Constant.parent
2017-12-05 19:37:34.556 DEBUG content 77304 _a-0000deea-a4a7-8000-3457-01ef9001ef90_84390 Processing reference: com.appiancorp.suiteapi.content.ContentRoleMap@43a27831[
  ContentRole[name=readers,inherit=true,allowForAll=false]
  ContentRole[name=authors,inherit=true,allowForAll=false]
  ContentRole[name=administrators,inherit=true,allowForAll=false]
  ContentRole[name=denyReaders,inherit=false,allowForAll=false]
  ContentRole[name=denyAuthors,inherit=false,allowForAll=false]
  ContentRole[name=denyAdministrators,inherit=false,allowForAll=false]
  securityVector=15:SEC_PUBLIC=true,SEC_CREATOR_ADMIN=false,SEC_INH_ADMIN=true,SEC_INH_EDITOR=true,SEC_INH_VIEWER=true,SEC_ALL_ADMIN=false,SEC_ALL_EDITOR=false,SEC_ALL_VIEWER=false
]
2017-12-05 19:37:34.556 DEBUG content 77304 _a-0000deea-a4a7-8000-3457-01ef9001ef90_84390 Processing reference: ContentRole[name=readers,inherit=true,allowForAll=false]
2017-12-05 19:37:34.556 DEBUG content 77304 _a-0000deea-a4a7-8000-3457-01ef9001ef90_84390 Processing reference: ContentRole[name=authors,inherit=true,allowForAll=false]
2017-12-05 19:37:34.556 DEBUG content 77304 _a-0000deea-a4a7-8000-3457-01ef9001ef90_84390 Processing reference: ContentRole[name=administrators,inherit=true,allowForAll=false]
2017-12-05 19:37:34.556 DEBUG content 77304 _a-0000deea-a4a7-8000-3457-01ef9001ef90_84390 Processing reference: ContentRole[name=denyReaders,inherit=false,allowForAll=false]
2017-12-05 19:37:34.556 DEBUG content 77304 _a-0000deea-a4a7-8000-3457-01ef9001ef90_84390 Processing reference: ContentRole[name=denyAuthors,inherit=false,allowForAll=false]
2017-12-05 19:37:34.556 DEBUG content 77304 _a-0000deea-a4a7-8000-3457-01ef9001ef90_84390 Processing reference: ContentRole[name=denyAdministrators,inherit=false,allowForAll=false]
2017-12-05 19:37:34.556 DEBUG content 77304 _a-0000deea-a4a7-8000-3457-01ef9001ef90_84390 Completing produce.
2017-12-05 19:37:34.556 DEBUG content 77304 _a-0000deea-a4a7-8000-3457-01ef9001ef90_84390 Exporting binary resources.
2017-12-05 19:37:34.556 DEBUG content 77304 _a-0000deea-a4a7-8000-3457-01ef9001ef90_84390 Serializing object to XML.
2017-12-05 19:37:34.56 DEBUG content 77304 _a-0000deea-a4a7-8000-3457-01ef9001ef90_84390 Object transported.
2017-12-05 19:37:34.56 DEBUG application 77257 _a-0000deea-a4a7-8000-3457-01ef9001ef90_84343 Completing produce.
2017-12-05 19:37:34.56 DEBUG application 77257 _a-0000deea-a4a7-8000-3457-01ef9001ef90_84343 Exporting binary resources.
2017-12-05 19:37:34.56 DEBUG application 77257 _a-0000deea-a4a7-8000-3457-01ef9001ef90_84343 Serializing object to XML.
2017-12-05 19:37:34.561 DEBUG application 77257 _a-0000deea-a4a7-8000-3457-01ef9001ef90_84343 Object transported.
