Success (19):
content 138890 _a-0000df9d-6819-8000-aae2-01ef9001ef90_45160 "Sample Folder"
content 140630 _a-0000df9d-6819-8000-aae2-01ef9001ef90_45161 "SAMPLE_TEST_1"
content 140631 _a-0000df9d-6819-8000-aae2-01ef9001ef90_47379 "TODAY_1"
content 140632 _a-0000df9d-6819-8000-aae2-01ef9001ef90_47380 "TODAY_2"
content 140633 _a-0000df9d-6819-8000-aae2-01ef9001ef90_47383 "Tommorrow_1"
content 140634 _a-0000df9d-6819-8000-aae2-01ef9001ef90_47384 "Tommorrow_2"
content 140635 _a-0000df9d-6819-8000-aae2-01ef9001ef90_47956 "CONSTANT_1"
content 140636 _a-0000df9d-6819-8000-aae2-01ef9001ef90_47959 "CONSTANT_2"
content 140637 _a-0000df9d-6819-8000-aae2-01ef9001ef90_48011 "CONSTANT_3"
content 140638 _a-0000df9d-6819-8000-aae2-01ef9001ef90_48094 "CONSTANT_4"
content 140639 _a-0000df9d-6819-8000-aae2-01ef9001ef90_48102 "CONSTANT_5"
content 140640 _a-0000df9d-6819-8000-aae2-01ef9001ef90_48125 "IACD_1111"
content 140641 _a-0000df9d-6819-8000-aae2-01ef9001ef90_48289 "IACD_2222"
content 140642 _a-0000df9d-6819-8000-aae2-01ef9001ef90_48292 "IACD_3333"
content 140643 _a-0000df9d-6819-8000-aae2-01ef9001ef90_48338 "IACD_4444"
processModelFolder 588 _g-0000df9d-6819-8000-aae2-014d98014d98_109 "test-leave"
processModelFolder 589 _g-0000df9d-6819-8000-aae2-014d98014d98_110 "testfolder"
processModel 17050 0002dfbf-a081-8000-aae2-014d98014d98 "testPM"
application 138901 _a-0000df9d-6819-8000-aae2-01ef9001ef90_45159 "Leave Management System"

Referenced precedents that were not exported (1):
user krishnau krishnau

Trace:
2017-12-05 06:26:17.716 DEBUG application 138901 _a-0000df9d-6819-8000-aae2-01ef9001ef90_45159 Begin transport.
2017-12-05 06:26:17.716 DEBUG application 138901 _a-0000df9d-6819-8000-aae2-01ef9001ef90_45159 Retrieving object data.
2017-12-05 06:26:17.72 DEBUG application 138901 _a-0000df9d-6819-8000-aae2-01ef9001ef90_45159 App associated objects: [content=[_a-0000df9d-6819-8000-aae2-01ef9001ef90_45160, _a-0000df9d-6819-8000-aae2-01ef9001ef90_45161, _a-0000df9d-6819-8000-aae2-01ef9001ef90_47379, _a-0000df9d-6819-8000-aae2-01ef9001ef90_47380, _a-0000df9d-6819-8000-aae2-01ef9001ef90_47383, _a-0000df9d-6819-8000-aae2-01ef9001ef90_47384, _a-0000df9d-6819-8000-aae2-01ef9001ef90_47956, _a-0000df9d-6819-8000-aae2-01ef9001ef90_47959, _a-0000df9d-6819-8000-aae2-01ef9001ef90_48011, _a-0000df9d-6819-8000-aae2-01ef9001ef90_48094, _a-0000df9d-6819-8000-aae2-01ef9001ef90_48102, _a-0000df9d-6819-8000-aae2-01ef9001ef90_48125, _a-0000df9d-6819-8000-aae2-01ef9001ef90_48289, _a-0000df9d-6819-8000-aae2-01ef9001ef90_48292, _a-0000df9d-6819-8000-aae2-01ef9001ef90_48338],processModelFolder=[_g-0000df9d-6819-8000-aae2-014d98014d98_109, _g-0000df9d-6819-8000-aae2-014d98014d98_110],processModel=[0002dfbf-a081-8000-aae2-014d98014d98]]
2017-12-05 06:26:17.725 DEBUG application 138901 _a-0000df9d-6819-8000-aae2-01ef9001ef90_45159 Invalid associated objects: []
2017-12-05 06:26:17.725 DEBUG application 138901 _a-0000df9d-6819-8000-aae2-01ef9001ef90_45159 Adding valid associated objects to be exported: GlobalBindingMap[content={_a-0000df9d-6819-8000-aae2-01ef9001ef90_45160=138890, _a-0000df9d-6819-8000-aae2-01ef9001ef90_45161=140630, _a-0000df9d-6819-8000-aae2-01ef9001ef90_47379=140631, _a-0000df9d-6819-8000-aae2-01ef9001ef90_47380=140632, _a-0000df9d-6819-8000-aae2-01ef9001ef90_47383=140633, _a-0000df9d-6819-8000-aae2-01ef9001ef90_47384=140634, _a-0000df9d-6819-8000-aae2-01ef9001ef90_47956=140635, _a-0000df9d-6819-8000-aae2-01ef9001ef90_47959=140636, _a-0000df9d-6819-8000-aae2-01ef9001ef90_48011=140637, _a-0000df9d-6819-8000-aae2-01ef9001ef90_48094=140638, _a-0000df9d-6819-8000-aae2-01ef9001ef90_48102=140639, _a-0000df9d-6819-8000-aae2-01ef9001ef90_48125=140640, _a-0000df9d-6819-8000-aae2-01ef9001ef90_48289=140641, _a-0000df9d-6819-8000-aae2-01ef9001ef90_48292=140642, _a-0000df9d-6819-8000-aae2-01ef9001ef90_48338=140643},processModelFolder={_g-0000df9d-6819-8000-aae2-014d98014d98_109=588, _g-0000df9d-6819-8000-aae2-014d98014d98_110=589},processModel={0002dfbf-a081-8000-aae2-014d98014d98=17050}]
2017-12-05 06:26:17.725 DEBUG application 138901 _a-0000df9d-6819-8000-aae2-01ef9001ef90_45159 Setting uuids of object references.
2017-12-05 06:26:17.725 DEBUG application 138901 _a-0000df9d-6819-8000-aae2-01ef9001ef90_45159 Processing reference: Application.forum
2017-12-05 06:26:17.725 DEBUG application 138901 _a-0000df9d-6819-8000-aae2-01ef9001ef90_45159 Processing reference: Application.parent
2017-12-05 06:26:17.728 DEBUG application 138901 _a-0000df9d-6819-8000-aae2-01ef9001ef90_45159 Processing reference: com.appiancorp.suiteapi.content.ContentRoleMap@3ffa521c[
  ContentRole[name=readers,inherit=false,allowForAll=false]
  ContentRole[name=authors,inherit=false,allowForAll=false]
  ContentRole[name=administrators,usernames=[krishnau],inherit=false,allowForAll=false]
  ContentRole[name=denyReaders,inherit=false,allowForAll=false]
  ContentRole[name=denyAuthors,inherit=false,allowForAll=false]
  ContentRole[name=denyAdministrators,inherit=false,allowForAll=false]
  securityVector=1:SEC_PUBLIC=true,SEC_CREATOR_ADMIN=false,SEC_INH_ADMIN=false,SEC_INH_EDITOR=false,SEC_INH_VIEWER=false,SEC_ALL_ADMIN=false,SEC_ALL_EDITOR=false,SEC_ALL_VIEWER=false
]
2017-12-05 06:26:17.728 DEBUG application 138901 _a-0000df9d-6819-8000-aae2-01ef9001ef90_45159 Processing reference: ContentRole[name=readers,inherit=false,allowForAll=false]
2017-12-05 06:26:17.728 DEBUG application 138901 _a-0000df9d-6819-8000-aae2-01ef9001ef90_45159 Processing reference: ContentRole[name=authors,inherit=false,allowForAll=false]
2017-12-05 06:26:17.728 DEBUG application 138901 _a-0000df9d-6819-8000-aae2-01ef9001ef90_45159 Processing reference: ContentRole[name=administrators,usernames=[krishnau],inherit=false,allowForAll=false]
2017-12-05 06:26:17.73 DEBUG application 138901 _a-0000df9d-6819-8000-aae2-01ef9001ef90_45159 Processing reference: ContentRole[name=denyReaders,inherit=false,allowForAll=false]
2017-12-05 06:26:17.73 DEBUG application 138901 _a-0000df9d-6819-8000-aae2-01ef9001ef90_45159 Processing reference: ContentRole[name=denyAuthors,inherit=false,allowForAll=false]
2017-12-05 06:26:17.73 DEBUG application 138901 _a-0000df9d-6819-8000-aae2-01ef9001ef90_45159 Processing reference: ContentRole[name=denyAdministrators,inherit=false,allowForAll=false]
2017-12-05 06:26:17.732 DEBUG content 138890 _a-0000df9d-6819-8000-aae2-01ef9001ef90_45160 Begin transport.
2017-12-05 06:26:17.732 DEBUG content 138890 _a-0000df9d-6819-8000-aae2-01ef9001ef90_45160 Retrieving object data.
2017-12-05 06:26:17.739 DEBUG content 138890 _a-0000df9d-6819-8000-aae2-01ef9001ef90_45160 Setting uuids of object references.
2017-12-05 06:26:17.739 DEBUG content 138890 _a-0000df9d-6819-8000-aae2-01ef9001ef90_45160 Processing reference: RulesFolder.forum
2017-12-05 06:26:17.739 DEBUG content 138890 _a-0000df9d-6819-8000-aae2-01ef9001ef90_45160 Processing reference: RulesFolder.parent
2017-12-05 06:26:17.742 DEBUG content 138890 _a-0000df9d-6819-8000-aae2-01ef9001ef90_45160 Processing reference: com.appiancorp.suiteapi.content.ContentRoleMap@1238547f[
  ContentRole[name=readers,inherit=true,allowForAll=false]
  ContentRole[name=authors,inherit=true,allowForAll=false]
  ContentRole[name=administrators,inherit=true,allowForAll=false]
  ContentRole[name=denyReaders,inherit=false,allowForAll=false]
  ContentRole[name=denyAuthors,inherit=false,allowForAll=false]
  ContentRole[name=denyAdministrators,inherit=false,allowForAll=false]
  securityVector=15:SEC_PUBLIC=true,SEC_CREATOR_ADMIN=false,SEC_INH_ADMIN=true,SEC_INH_EDITOR=true,SEC_INH_VIEWER=true,SEC_ALL_ADMIN=false,SEC_ALL_EDITOR=false,SEC_ALL_VIEWER=false
]
2017-12-05 06:26:17.742 DEBUG content 138890 _a-0000df9d-6819-8000-aae2-01ef9001ef90_45160 Processing reference: ContentRole[name=readers,inherit=true,allowForAll=false]
2017-12-05 06:26:17.742 DEBUG content 138890 _a-0000df9d-6819-8000-aae2-01ef9001ef90_45160 Processing reference: ContentRole[name=authors,inherit=true,allowForAll=false]
2017-12-05 06:26:17.742 DEBUG content 138890 _a-0000df9d-6819-8000-aae2-01ef9001ef90_45160 Processing reference: ContentRole[name=administrators,inherit=true,allowForAll=false]
2017-12-05 06:26:17.742 DEBUG content 138890 _a-0000df9d-6819-8000-aae2-01ef9001ef90_45160 Processing reference: ContentRole[name=denyReaders,inherit=false,allowForAll=false]
2017-12-05 06:26:17.742 DEBUG content 138890 _a-0000df9d-6819-8000-aae2-01ef9001ef90_45160 Processing reference: ContentRole[name=denyAuthors,inherit=false,allowForAll=false]
2017-12-05 06:26:17.742 DEBUG content 138890 _a-0000df9d-6819-8000-aae2-01ef9001ef90_45160 Processing reference: ContentRole[name=denyAdministrators,inherit=false,allowForAll=false]
2017-12-05 06:26:17.743 DEBUG content 138890 _a-0000df9d-6819-8000-aae2-01ef9001ef90_45160 Completing produce.
2017-12-05 06:26:17.743 DEBUG content 138890 _a-0000df9d-6819-8000-aae2-01ef9001ef90_45160 Exporting binary resources.
2017-12-05 06:26:17.743 DEBUG content 138890 _a-0000df9d-6819-8000-aae2-01ef9001ef90_45160 Serializing object to XML.
2017-12-05 06:26:17.743 DEBUG content 138890 _a-0000df9d-6819-8000-aae2-01ef9001ef90_45160 Object transported.
2017-12-05 06:26:17.743 DEBUG content 140630 _a-0000df9d-6819-8000-aae2-01ef9001ef90_45161 Begin transport.
2017-12-05 06:26:17.743 DEBUG content 140630 _a-0000df9d-6819-8000-aae2-01ef9001ef90_45161 Retrieving object data.
2017-12-05 06:26:17.75 DEBUG content 140630 _a-0000df9d-6819-8000-aae2-01ef9001ef90_45161 Setting uuids of object references.
2017-12-05 06:26:17.75 DEBUG content 140630 _a-0000df9d-6819-8000-aae2-01ef9001ef90_45161 Processing reference: [Content:id=138891,versionId=-1,name=SAMPLE_TEST_1,type=32,subtype=0,uuid=_a-0000df9d-6819-8000-aae2-01ef9001ef90_45161,parent=138890]
2017-12-05 06:26:17.75 DEBUG content 140630 _a-0000df9d-6819-8000-aae2-01ef9001ef90_45161 Processing reference: Constant.forum
2017-12-05 06:26:17.75 DEBUG content 140630 _a-0000df9d-6819-8000-aae2-01ef9001ef90_45161 Processing reference: Constant.parent
2017-12-05 06:26:17.753 DEBUG content 140630 _a-0000df9d-6819-8000-aae2-01ef9001ef90_45161 Processing reference: com.appiancorp.suiteapi.content.ContentRoleMap@11f56303[
  ContentRole[name=readers,inherit=true,allowForAll=false]
  ContentRole[name=authors,inherit=true,allowForAll=false]
  ContentRole[name=administrators,inherit=true,allowForAll=false]
  ContentRole[name=denyReaders,inherit=false,allowForAll=false]
  ContentRole[name=denyAuthors,inherit=false,allowForAll=false]
  ContentRole[name=denyAdministrators,inherit=false,allowForAll=false]
  securityVector=15:SEC_PUBLIC=true,SEC_CREATOR_ADMIN=false,SEC_INH_ADMIN=true,SEC_INH_EDITOR=true,SEC_INH_VIEWER=true,SEC_ALL_ADMIN=false,SEC_ALL_EDITOR=false,SEC_ALL_VIEWER=false
]
2017-12-05 06:26:17.753 DEBUG content 140630 _a-0000df9d-6819-8000-aae2-01ef9001ef90_45161 Processing reference: ContentRole[name=readers,inherit=true,allowForAll=false]
2017-12-05 06:26:17.753 DEBUG content 140630 _a-0000df9d-6819-8000-aae2-01ef9001ef90_45161 Processing reference: ContentRole[name=authors,inherit=true,allowForAll=false]
2017-12-05 06:26:17.753 DEBUG content 140630 _a-0000df9d-6819-8000-aae2-01ef9001ef90_45161 Processing reference: ContentRole[name=administrators,inherit=true,allowForAll=false]
2017-12-05 06:26:17.753 DEBUG content 140630 _a-0000df9d-6819-8000-aae2-01ef9001ef90_45161 Processing reference: ContentRole[name=denyReaders,inherit=false,allowForAll=false]
2017-12-05 06:26:17.753 DEBUG content 140630 _a-0000df9d-6819-8000-aae2-01ef9001ef90_45161 Processing reference: ContentRole[name=denyAuthors,inherit=false,allowForAll=false]
2017-12-05 06:26:17.753 DEBUG content 140630 _a-0000df9d-6819-8000-aae2-01ef9001ef90_45161 Processing reference: ContentRole[name=denyAdministrators,inherit=false,allowForAll=false]
2017-12-05 06:26:17.754 DEBUG content 140630 _a-0000df9d-6819-8000-aae2-01ef9001ef90_45161 Completing produce.
2017-12-05 06:26:17.754 DEBUG content 140630 _a-0000df9d-6819-8000-aae2-01ef9001ef90_45161 Exporting binary resources.
2017-12-05 06:26:17.754 DEBUG content 140630 _a-0000df9d-6819-8000-aae2-01ef9001ef90_45161 Serializing object to XML.
2017-12-05 06:26:17.755 DEBUG content 140630 _a-0000df9d-6819-8000-aae2-01ef9001ef90_45161 Object transported.
2017-12-05 06:26:17.755 DEBUG content 140631 _a-0000df9d-6819-8000-aae2-01ef9001ef90_47379 Begin transport.
2017-12-05 06:26:17.755 DEBUG content 140631 _a-0000df9d-6819-8000-aae2-01ef9001ef90_47379 Retrieving object data.
2017-12-05 06:26:17.761 DEBUG content 140631 _a-0000df9d-6819-8000-aae2-01ef9001ef90_47379 Setting uuids of object references.
2017-12-05 06:26:17.761 DEBUG content 140631 _a-0000df9d-6819-8000-aae2-01ef9001ef90_47379 Processing reference: [Content:id=139235,versionId=-1,name=TODAY_1,type=32,subtype=0,uuid=_a-0000df9d-6819-8000-aae2-01ef9001ef90_47379,parent=138890]
2017-12-05 06:26:17.762 DEBUG content 140631 _a-0000df9d-6819-8000-aae2-01ef9001ef90_47379 Processing reference: Constant.forum
2017-12-05 06:26:17.762 DEBUG content 140631 _a-0000df9d-6819-8000-aae2-01ef9001ef90_47379 Processing reference: Constant.parent
2017-12-05 06:26:17.765 DEBUG content 140631 _a-0000df9d-6819-8000-aae2-01ef9001ef90_47379 Processing reference: com.appiancorp.suiteapi.content.ContentRoleMap@75f9069c[
  ContentRole[name=readers,inherit=true,allowForAll=false]
  ContentRole[name=authors,inherit=true,allowForAll=false]
  ContentRole[name=administrators,inherit=true,allowForAll=false]
  ContentRole[name=denyReaders,inherit=false,allowForAll=false]
  ContentRole[name=denyAuthors,inherit=false,allowForAll=false]
  ContentRole[name=denyAdministrators,inherit=false,allowForAll=false]
  securityVector=15:SEC_PUBLIC=true,SEC_CREATOR_ADMIN=false,SEC_INH_ADMIN=true,SEC_INH_EDITOR=true,SEC_INH_VIEWER=true,SEC_ALL_ADMIN=false,SEC_ALL_EDITOR=false,SEC_ALL_VIEWER=false
]
2017-12-05 06:26:17.765 DEBUG content 140631 _a-0000df9d-6819-8000-aae2-01ef9001ef90_47379 Processing reference: ContentRole[name=readers,inherit=true,allowForAll=false]
2017-12-05 06:26:17.765 DEBUG content 140631 _a-0000df9d-6819-8000-aae2-01ef9001ef90_47379 Processing reference: ContentRole[name=authors,inherit=true,allowForAll=false]
2017-12-05 06:26:17.765 DEBUG content 140631 _a-0000df9d-6819-8000-aae2-01ef9001ef90_47379 Processing reference: ContentRole[name=administrators,inherit=true,allowForAll=false]
2017-12-05 06:26:17.765 DEBUG content 140631 _a-0000df9d-6819-8000-aae2-01ef9001ef90_47379 Processing reference: ContentRole[name=denyReaders,inherit=false,allowForAll=false]
2017-12-05 06:26:17.765 DEBUG content 140631 _a-0000df9d-6819-8000-aae2-01ef9001ef90_47379 Processing reference: ContentRole[name=denyAuthors,inherit=false,allowForAll=false]
2017-12-05 06:26:17.765 DEBUG content 140631 _a-0000df9d-6819-8000-aae2-01ef9001ef90_47379 Processing reference: ContentRole[name=denyAdministrators,inherit=false,allowForAll=false]
2017-12-05 06:26:17.765 DEBUG content 140631 _a-0000df9d-6819-8000-aae2-01ef9001ef90_47379 Completing produce.
2017-12-05 06:26:17.765 DEBUG content 140631 _a-0000df9d-6819-8000-aae2-01ef9001ef90_47379 Exporting binary resources.
2017-12-05 06:26:17.765 DEBUG content 140631 _a-0000df9d-6819-8000-aae2-01ef9001ef90_47379 Serializing object to XML.
2017-12-05 06:26:17.767 DEBUG content 140631 _a-0000df9d-6819-8000-aae2-01ef9001ef90_47379 Object transported.
2017-12-05 06:26:17.767 DEBUG content 140632 _a-0000df9d-6819-8000-aae2-01ef9001ef90_47380 Begin transport.
2017-12-05 06:26:17.767 DEBUG content 140632 _a-0000df9d-6819-8000-aae2-01ef9001ef90_47380 Retrieving object data.
2017-12-05 06:26:17.773 DEBUG content 140632 _a-0000df9d-6819-8000-aae2-01ef9001ef90_47380 Setting uuids of object references.
2017-12-05 06:26:17.773 DEBUG content 140632 _a-0000df9d-6819-8000-aae2-01ef9001ef90_47380 Processing reference: [Content:id=139236,versionId=-1,name=TODAY_2,type=32,subtype=0,uuid=_a-0000df9d-6819-8000-aae2-01ef9001ef90_47380,parent=138890]
2017-12-05 06:26:17.773 DEBUG content 140632 _a-0000df9d-6819-8000-aae2-01ef9001ef90_47380 Processing reference: Constant.forum
2017-12-05 06:26:17.774 DEBUG content 140632 _a-0000df9d-6819-8000-aae2-01ef9001ef90_47380 Processing reference: Constant.parent
2017-12-05 06:26:17.777 DEBUG content 140632 _a-0000df9d-6819-8000-aae2-01ef9001ef90_47380 Processing reference: com.appiancorp.suiteapi.content.ContentRoleMap@2891b574[
  ContentRole[name=readers,inherit=true,allowForAll=false]
  ContentRole[name=authors,inherit=true,allowForAll=false]
  ContentRole[name=administrators,inherit=true,allowForAll=false]
  ContentRole[name=denyReaders,inherit=false,allowForAll=false]
  ContentRole[name=denyAuthors,inherit=false,allowForAll=false]
  ContentRole[name=denyAdministrators,inherit=false,allowForAll=false]
  securityVector=15:SEC_PUBLIC=true,SEC_CREATOR_ADMIN=false,SEC_INH_ADMIN=true,SEC_INH_EDITOR=true,SEC_INH_VIEWER=true,SEC_ALL_ADMIN=false,SEC_ALL_EDITOR=false,SEC_ALL_VIEWER=false
]
2017-12-05 06:26:17.777 DEBUG content 140632 _a-0000df9d-6819-8000-aae2-01ef9001ef90_47380 Processing reference: ContentRole[name=readers,inherit=true,allowForAll=false]
2017-12-05 06:26:17.777 DEBUG content 140632 _a-0000df9d-6819-8000-aae2-01ef9001ef90_47380 Processing reference: ContentRole[name=authors,inherit=true,allowForAll=false]
2017-12-05 06:26:17.777 DEBUG content 140632 _a-0000df9d-6819-8000-aae2-01ef9001ef90_47380 Processing reference: ContentRole[name=administrators,inherit=true,allowForAll=false]
2017-12-05 06:26:17.777 DEBUG content 140632 _a-0000df9d-6819-8000-aae2-01ef9001ef90_47380 Processing reference: ContentRole[name=denyReaders,inherit=false,allowForAll=false]
2017-12-05 06:26:17.777 DEBUG content 140632 _a-0000df9d-6819-8000-aae2-01ef9001ef90_47380 Processing reference: ContentRole[name=denyAuthors,inherit=false,allowForAll=false]
2017-12-05 06:26:17.777 DEBUG content 140632 _a-0000df9d-6819-8000-aae2-01ef9001ef90_47380 Processing reference: ContentRole[name=denyAdministrators,inherit=false,allowForAll=false]
2017-12-05 06:26:17.777 DEBUG content 140632 _a-0000df9d-6819-8000-aae2-01ef9001ef90_47380 Completing produce.
2017-12-05 06:26:17.777 DEBUG content 140632 _a-0000df9d-6819-8000-aae2-01ef9001ef90_47380 Exporting binary resources.
2017-12-05 06:26:17.777 DEBUG content 140632 _a-0000df9d-6819-8000-aae2-01ef9001ef90_47380 Serializing object to XML.
2017-12-05 06:26:17.779 DEBUG content 140632 _a-0000df9d-6819-8000-aae2-01ef9001ef90_47380 Object transported.
2017-12-05 06:26:17.779 DEBUG content 140633 _a-0000df9d-6819-8000-aae2-01ef9001ef90_47383 Begin transport.
2017-12-05 06:26:17.779 DEBUG content 140633 _a-0000df9d-6819-8000-aae2-01ef9001ef90_47383 Retrieving object data.
2017-12-05 06:26:17.785 DEBUG content 140633 _a-0000df9d-6819-8000-aae2-01ef9001ef90_47383 Setting uuids of object references.
2017-12-05 06:26:17.785 DEBUG content 140633 _a-0000df9d-6819-8000-aae2-01ef9001ef90_47383 Processing reference: [Content:id=139237,versionId=-1,name=Tommorrow_1,type=32,subtype=0,uuid=_a-0000df9d-6819-8000-aae2-01ef9001ef90_47383,parent=138890]
2017-12-05 06:26:17.785 DEBUG content 140633 _a-0000df9d-6819-8000-aae2-01ef9001ef90_47383 Processing reference: Constant.forum
2017-12-05 06:26:17.785 DEBUG content 140633 _a-0000df9d-6819-8000-aae2-01ef9001ef90_47383 Processing reference: Constant.parent
2017-12-05 06:26:17.788 DEBUG content 140633 _a-0000df9d-6819-8000-aae2-01ef9001ef90_47383 Processing reference: com.appiancorp.suiteapi.content.ContentRoleMap@1b314a7d[
  ContentRole[name=readers,inherit=true,allowForAll=false]
  ContentRole[name=authors,inherit=true,allowForAll=false]
  ContentRole[name=administrators,inherit=true,allowForAll=false]
  ContentRole[name=denyReaders,inherit=false,allowForAll=false]
  ContentRole[name=denyAuthors,inherit=false,allowForAll=false]
  ContentRole[name=denyAdministrators,inherit=false,allowForAll=false]
  securityVector=15:SEC_PUBLIC=true,SEC_CREATOR_ADMIN=false,SEC_INH_ADMIN=true,SEC_INH_EDITOR=true,SEC_INH_VIEWER=true,SEC_ALL_ADMIN=false,SEC_ALL_EDITOR=false,SEC_ALL_VIEWER=false
]
2017-12-05 06:26:17.788 DEBUG content 140633 _a-0000df9d-6819-8000-aae2-01ef9001ef90_47383 Processing reference: ContentRole[name=readers,inherit=true,allowForAll=false]
2017-12-05 06:26:17.788 DEBUG content 140633 _a-0000df9d-6819-8000-aae2-01ef9001ef90_47383 Processing reference: ContentRole[name=authors,inherit=true,allowForAll=false]
2017-12-05 06:26:17.788 DEBUG content 140633 _a-0000df9d-6819-8000-aae2-01ef9001ef90_47383 Processing reference: ContentRole[name=administrators,inherit=true,allowForAll=false]
2017-12-05 06:26:17.788 DEBUG content 140633 _a-0000df9d-6819-8000-aae2-01ef9001ef90_47383 Processing reference: ContentRole[name=denyReaders,inherit=false,allowForAll=false]
2017-12-05 06:26:17.788 DEBUG content 140633 _a-0000df9d-6819-8000-aae2-01ef9001ef90_47383 Processing reference: ContentRole[name=denyAuthors,inherit=false,allowForAll=false]
2017-12-05 06:26:17.788 DEBUG content 140633 _a-0000df9d-6819-8000-aae2-01ef9001ef90_47383 Processing reference: ContentRole[name=denyAdministrators,inherit=false,allowForAll=false]
2017-12-05 06:26:17.788 DEBUG content 140633 _a-0000df9d-6819-8000-aae2-01ef9001ef90_47383 Completing produce.
2017-12-05 06:26:17.788 DEBUG content 140633 _a-0000df9d-6819-8000-aae2-01ef9001ef90_47383 Exporting binary resources.
2017-12-05 06:26:17.788 DEBUG content 140633 _a-0000df9d-6819-8000-aae2-01ef9001ef90_47383 Serializing object to XML.
2017-12-05 06:26:17.79 DEBUG content 140633 _a-0000df9d-6819-8000-aae2-01ef9001ef90_47383 Object transported.
2017-12-05 06:26:17.79 DEBUG content 140634 _a-0000df9d-6819-8000-aae2-01ef9001ef90_47384 Begin transport.
2017-12-05 06:26:17.79 DEBUG content 140634 _a-0000df9d-6819-8000-aae2-01ef9001ef90_47384 Retrieving object data.
2017-12-05 06:26:17.796 DEBUG content 140634 _a-0000df9d-6819-8000-aae2-01ef9001ef90_47384 Setting uuids of object references.
2017-12-05 06:26:17.796 DEBUG content 140634 _a-0000df9d-6819-8000-aae2-01ef9001ef90_47384 Processing reference: [Content:id=139238,versionId=-1,name=Tommorrow_2,type=32,subtype=0,uuid=_a-0000df9d-6819-8000-aae2-01ef9001ef90_47384,parent=138890]
2017-12-05 06:26:17.796 DEBUG content 140634 _a-0000df9d-6819-8000-aae2-01ef9001ef90_47384 Processing reference: Constant.forum
2017-12-05 06:26:17.797 DEBUG content 140634 _a-0000df9d-6819-8000-aae2-01ef9001ef90_47384 Processing reference: Constant.parent
2017-12-05 06:26:17.8 DEBUG content 140634 _a-0000df9d-6819-8000-aae2-01ef9001ef90_47384 Processing reference: com.appiancorp.suiteapi.content.ContentRoleMap@31855bc6[
  ContentRole[name=readers,inherit=true,allowForAll=false]
  ContentRole[name=authors,inherit=true,allowForAll=false]
  ContentRole[name=administrators,inherit=true,allowForAll=false]
  ContentRole[name=denyReaders,inherit=false,allowForAll=false]
  ContentRole[name=denyAuthors,inherit=false,allowForAll=false]
  ContentRole[name=denyAdministrators,inherit=false,allowForAll=false]
  securityVector=15:SEC_PUBLIC=true,SEC_CREATOR_ADMIN=false,SEC_INH_ADMIN=true,SEC_INH_EDITOR=true,SEC_INH_VIEWER=true,SEC_ALL_ADMIN=false,SEC_ALL_EDITOR=false,SEC_ALL_VIEWER=false
]
2017-12-05 06:26:17.8 DEBUG content 140634 _a-0000df9d-6819-8000-aae2-01ef9001ef90_47384 Processing reference: ContentRole[name=readers,inherit=true,allowForAll=false]
2017-12-05 06:26:17.8 DEBUG content 140634 _a-0000df9d-6819-8000-aae2-01ef9001ef90_47384 Processing reference: ContentRole[name=authors,inherit=true,allowForAll=false]
2017-12-05 06:26:17.8 DEBUG content 140634 _a-0000df9d-6819-8000-aae2-01ef9001ef90_47384 Processing reference: ContentRole[name=administrators,inherit=true,allowForAll=false]
2017-12-05 06:26:17.8 DEBUG content 140634 _a-0000df9d-6819-8000-aae2-01ef9001ef90_47384 Processing reference: ContentRole[name=denyReaders,inherit=false,allowForAll=false]
2017-12-05 06:26:17.8 DEBUG content 140634 _a-0000df9d-6819-8000-aae2-01ef9001ef90_47384 Processing reference: ContentRole[name=denyAuthors,inherit=false,allowForAll=false]
2017-12-05 06:26:17.8 DEBUG content 140634 _a-0000df9d-6819-8000-aae2-01ef9001ef90_47384 Processing reference: ContentRole[name=denyAdministrators,inherit=false,allowForAll=false]
2017-12-05 06:26:17.8 DEBUG content 140634 _a-0000df9d-6819-8000-aae2-01ef9001ef90_47384 Completing produce.
2017-12-05 06:26:17.8 DEBUG content 140634 _a-0000df9d-6819-8000-aae2-01ef9001ef90_47384 Exporting binary resources.
2017-12-05 06:26:17.8 DEBUG content 140634 _a-0000df9d-6819-8000-aae2-01ef9001ef90_47384 Serializing object to XML.
2017-12-05 06:26:17.802 DEBUG content 140634 _a-0000df9d-6819-8000-aae2-01ef9001ef90_47384 Object transported.
2017-12-05 06:26:17.802 DEBUG content 140635 _a-0000df9d-6819-8000-aae2-01ef9001ef90_47956 Begin transport.
2017-12-05 06:26:17.802 DEBUG content 140635 _a-0000df9d-6819-8000-aae2-01ef9001ef90_47956 Retrieving object data.
2017-12-05 06:26:17.808 DEBUG content 140635 _a-0000df9d-6819-8000-aae2-01ef9001ef90_47956 Setting uuids of object references.
2017-12-05 06:26:17.808 DEBUG content 140635 _a-0000df9d-6819-8000-aae2-01ef9001ef90_47956 Processing reference: [Content:id=139632,versionId=-1,name=CONSTANT_1,type=32,subtype=0,uuid=_a-0000df9d-6819-8000-aae2-01ef9001ef90_47956,parent=138890]
2017-12-05 06:26:17.808 DEBUG content 140635 _a-0000df9d-6819-8000-aae2-01ef9001ef90_47956 Processing reference: Constant.forum
2017-12-05 06:26:17.808 DEBUG content 140635 _a-0000df9d-6819-8000-aae2-01ef9001ef90_47956 Processing reference: Constant.parent
2017-12-05 06:26:17.811 DEBUG content 140635 _a-0000df9d-6819-8000-aae2-01ef9001ef90_47956 Processing reference: com.appiancorp.suiteapi.content.ContentRoleMap@7f479ad7[
  ContentRole[name=readers,inherit=true,allowForAll=false]
  ContentRole[name=authors,inherit=true,allowForAll=false]
  ContentRole[name=administrators,inherit=true,allowForAll=false]
  ContentRole[name=denyReaders,inherit=false,allowForAll=false]
  ContentRole[name=denyAuthors,inherit=false,allowForAll=false]
  ContentRole[name=denyAdministrators,inherit=false,allowForAll=false]
  securityVector=15:SEC_PUBLIC=true,SEC_CREATOR_ADMIN=false,SEC_INH_ADMIN=true,SEC_INH_EDITOR=true,SEC_INH_VIEWER=true,SEC_ALL_ADMIN=false,SEC_ALL_EDITOR=false,SEC_ALL_VIEWER=false
]
2017-12-05 06:26:17.811 DEBUG content 140635 _a-0000df9d-6819-8000-aae2-01ef9001ef90_47956 Processing reference: ContentRole[name=readers,inherit=true,allowForAll=false]
2017-12-05 06:26:17.811 DEBUG content 140635 _a-0000df9d-6819-8000-aae2-01ef9001ef90_47956 Processing reference: ContentRole[name=authors,inherit=true,allowForAll=false]
2017-12-05 06:26:17.811 DEBUG content 140635 _a-0000df9d-6819-8000-aae2-01ef9001ef90_47956 Processing reference: ContentRole[name=administrators,inherit=true,allowForAll=false]
2017-12-05 06:26:17.811 DEBUG content 140635 _a-0000df9d-6819-8000-aae2-01ef9001ef90_47956 Processing reference: ContentRole[name=denyReaders,inherit=false,allowForAll=false]
2017-12-05 06:26:17.811 DEBUG content 140635 _a-0000df9d-6819-8000-aae2-01ef9001ef90_47956 Processing reference: ContentRole[name=denyAuthors,inherit=false,allowForAll=false]
2017-12-05 06:26:17.811 DEBUG content 140635 _a-0000df9d-6819-8000-aae2-01ef9001ef90_47956 Processing reference: ContentRole[name=denyAdministrators,inherit=false,allowForAll=false]
2017-12-05 06:26:17.811 DEBUG content 140635 _a-0000df9d-6819-8000-aae2-01ef9001ef90_47956 Completing produce.
2017-12-05 06:26:17.811 DEBUG content 140635 _a-0000df9d-6819-8000-aae2-01ef9001ef90_47956 Exporting binary resources.
2017-12-05 06:26:17.811 DEBUG content 140635 _a-0000df9d-6819-8000-aae2-01ef9001ef90_47956 Serializing object to XML.
2017-12-05 06:26:17.813 DEBUG content 140635 _a-0000df9d-6819-8000-aae2-01ef9001ef90_47956 Object transported.
2017-12-05 06:26:17.813 DEBUG content 140636 _a-0000df9d-6819-8000-aae2-01ef9001ef90_47959 Begin transport.
2017-12-05 06:26:17.813 DEBUG content 140636 _a-0000df9d-6819-8000-aae2-01ef9001ef90_47959 Retrieving object data.
2017-12-05 06:26:17.82 DEBUG content 140636 _a-0000df9d-6819-8000-aae2-01ef9001ef90_47959 Setting uuids of object references.
2017-12-05 06:26:17.82 DEBUG content 140636 _a-0000df9d-6819-8000-aae2-01ef9001ef90_47959 Processing reference: [Content:id=139633,versionId=-1,name=CONSTANT_2,type=32,subtype=0,uuid=_a-0000df9d-6819-8000-aae2-01ef9001ef90_47959,parent=138890]
2017-12-05 06:26:17.82 DEBUG content 140636 _a-0000df9d-6819-8000-aae2-01ef9001ef90_47959 Processing reference: Constant.forum
2017-12-05 06:26:17.821 DEBUG content 140636 _a-0000df9d-6819-8000-aae2-01ef9001ef90_47959 Processing reference: Constant.parent
2017-12-05 06:26:17.824 DEBUG content 140636 _a-0000df9d-6819-8000-aae2-01ef9001ef90_47959 Processing reference: com.appiancorp.suiteapi.content.ContentRoleMap@386c2ddf[
  ContentRole[name=readers,inherit=true,allowForAll=false]
  ContentRole[name=authors,inherit=true,allowForAll=false]
  ContentRole[name=administrators,inherit=true,allowForAll=false]
  ContentRole[name=denyReaders,inherit=false,allowForAll=false]
  ContentRole[name=denyAuthors,inherit=false,allowForAll=false]
  ContentRole[name=denyAdministrators,inherit=false,allowForAll=false]
  securityVector=15:SEC_PUBLIC=true,SEC_CREATOR_ADMIN=false,SEC_INH_ADMIN=true,SEC_INH_EDITOR=true,SEC_INH_VIEWER=true,SEC_ALL_ADMIN=false,SEC_ALL_EDITOR=false,SEC_ALL_VIEWER=false
]
2017-12-05 06:26:17.824 DEBUG content 140636 _a-0000df9d-6819-8000-aae2-01ef9001ef90_47959 Processing reference: ContentRole[name=readers,inherit=true,allowForAll=false]
2017-12-05 06:26:17.824 DEBUG content 140636 _a-0000df9d-6819-8000-aae2-01ef9001ef90_47959 Processing reference: ContentRole[name=authors,inherit=true,allowForAll=false]
2017-12-05 06:26:17.824 DEBUG content 140636 _a-0000df9d-6819-8000-aae2-01ef9001ef90_47959 Processing reference: ContentRole[name=administrators,inherit=true,allowForAll=false]
2017-12-05 06:26:17.824 DEBUG content 140636 _a-0000df9d-6819-8000-aae2-01ef9001ef90_47959 Processing reference: ContentRole[name=denyReaders,inherit=false,allowForAll=false]
2017-12-05 06:26:17.824 DEBUG content 140636 _a-0000df9d-6819-8000-aae2-01ef9001ef90_47959 Processing reference: ContentRole[name=denyAuthors,inherit=false,allowForAll=false]
2017-12-05 06:26:17.824 DEBUG content 140636 _a-0000df9d-6819-8000-aae2-01ef9001ef90_47959 Processing reference: ContentRole[name=denyAdministrators,inherit=false,allowForAll=false]
2017-12-05 06:26:17.824 DEBUG content 140636 _a-0000df9d-6819-8000-aae2-01ef9001ef90_47959 Completing produce.
2017-12-05 06:26:17.824 DEBUG content 140636 _a-0000df9d-6819-8000-aae2-01ef9001ef90_47959 Exporting binary resources.
2017-12-05 06:26:17.824 DEBUG content 140636 _a-0000df9d-6819-8000-aae2-01ef9001ef90_47959 Serializing object to XML.
2017-12-05 06:26:17.826 DEBUG content 140636 _a-0000df9d-6819-8000-aae2-01ef9001ef90_47959 Object transported.
2017-12-05 06:26:17.826 DEBUG content 140637 _a-0000df9d-6819-8000-aae2-01ef9001ef90_48011 Begin transport.
2017-12-05 06:26:17.826 DEBUG content 140637 _a-0000df9d-6819-8000-aae2-01ef9001ef90_48011 Retrieving object data.
2017-12-05 06:26:17.831 DEBUG content 140637 _a-0000df9d-6819-8000-aae2-01ef9001ef90_48011 Setting uuids of object references.
2017-12-05 06:26:17.831 DEBUG content 140637 _a-0000df9d-6819-8000-aae2-01ef9001ef90_48011 Processing reference: [Content:id=139634,versionId=-1,name=CONSTANT_3,type=32,subtype=0,uuid=_a-0000df9d-6819-8000-aae2-01ef9001ef90_48011,parent=138890]
2017-12-05 06:26:17.831 DEBUG content 140637 _a-0000df9d-6819-8000-aae2-01ef9001ef90_48011 Processing reference: Constant.forum
2017-12-05 06:26:17.832 DEBUG content 140637 _a-0000df9d-6819-8000-aae2-01ef9001ef90_48011 Processing reference: Constant.parent
2017-12-05 06:26:17.835 DEBUG content 140637 _a-0000df9d-6819-8000-aae2-01ef9001ef90_48011 Processing reference: com.appiancorp.suiteapi.content.ContentRoleMap@4d2a245e[
  ContentRole[name=readers,inherit=true,allowForAll=false]
  ContentRole[name=authors,inherit=true,allowForAll=false]
  ContentRole[name=administrators,inherit=true,allowForAll=false]
  ContentRole[name=denyReaders,inherit=false,allowForAll=false]
  ContentRole[name=denyAuthors,inherit=false,allowForAll=false]
  ContentRole[name=denyAdministrators,inherit=false,allowForAll=false]
  securityVector=15:SEC_PUBLIC=true,SEC_CREATOR_ADMIN=false,SEC_INH_ADMIN=true,SEC_INH_EDITOR=true,SEC_INH_VIEWER=true,SEC_ALL_ADMIN=false,SEC_ALL_EDITOR=false,SEC_ALL_VIEWER=false
]
2017-12-05 06:26:17.835 DEBUG content 140637 _a-0000df9d-6819-8000-aae2-01ef9001ef90_48011 Processing reference: ContentRole[name=readers,inherit=true,allowForAll=false]
2017-12-05 06:26:17.835 DEBUG content 140637 _a-0000df9d-6819-8000-aae2-01ef9001ef90_48011 Processing reference: ContentRole[name=authors,inherit=true,allowForAll=false]
2017-12-05 06:26:17.835 DEBUG content 140637 _a-0000df9d-6819-8000-aae2-01ef9001ef90_48011 Processing reference: ContentRole[name=administrators,inherit=true,allowForAll=false]
2017-12-05 06:26:17.835 DEBUG content 140637 _a-0000df9d-6819-8000-aae2-01ef9001ef90_48011 Processing reference: ContentRole[name=denyReaders,inherit=false,allowForAll=false]
2017-12-05 06:26:17.835 DEBUG content 140637 _a-0000df9d-6819-8000-aae2-01ef9001ef90_48011 Processing reference: ContentRole[name=denyAuthors,inherit=false,allowForAll=false]
2017-12-05 06:26:17.835 DEBUG content 140637 _a-0000df9d-6819-8000-aae2-01ef9001ef90_48011 Processing reference: ContentRole[name=denyAdministrators,inherit=false,allowForAll=false]
2017-12-05 06:26:17.835 DEBUG content 140637 _a-0000df9d-6819-8000-aae2-01ef9001ef90_48011 Completing produce.
2017-12-05 06:26:17.835 DEBUG content 140637 _a-0000df9d-6819-8000-aae2-01ef9001ef90_48011 Exporting binary resources.
2017-12-05 06:26:17.835 DEBUG content 140637 _a-0000df9d-6819-8000-aae2-01ef9001ef90_48011 Serializing object to XML.
2017-12-05 06:26:17.837 DEBUG content 140637 _a-0000df9d-6819-8000-aae2-01ef9001ef90_48011 Object transported.
2017-12-05 06:26:17.837 DEBUG content 140638 _a-0000df9d-6819-8000-aae2-01ef9001ef90_48094 Begin transport.
2017-12-05 06:26:17.837 DEBUG content 140638 _a-0000df9d-6819-8000-aae2-01ef9001ef90_48094 Retrieving object data.
2017-12-05 06:26:17.842 DEBUG content 140638 _a-0000df9d-6819-8000-aae2-01ef9001ef90_48094 Setting uuids of object references.
2017-12-05 06:26:17.842 DEBUG content 140638 _a-0000df9d-6819-8000-aae2-01ef9001ef90_48094 Processing reference: [Content:id=139635,versionId=-1,name=CONSTANT_4,type=32,subtype=0,uuid=_a-0000df9d-6819-8000-aae2-01ef9001ef90_48094,parent=138890]
2017-12-05 06:26:17.842 DEBUG content 140638 _a-0000df9d-6819-8000-aae2-01ef9001ef90_48094 Processing reference: Constant.forum
2017-12-05 06:26:17.843 DEBUG content 140638 _a-0000df9d-6819-8000-aae2-01ef9001ef90_48094 Processing reference: Constant.parent
2017-12-05 06:26:17.846 DEBUG content 140638 _a-0000df9d-6819-8000-aae2-01ef9001ef90_48094 Processing reference: com.appiancorp.suiteapi.content.ContentRoleMap@5fe26b86[
  ContentRole[name=readers,inherit=true,allowForAll=false]
  ContentRole[name=authors,inherit=true,allowForAll=false]
  ContentRole[name=administrators,inherit=true,allowForAll=false]
  ContentRole[name=denyReaders,inherit=false,allowForAll=false]
  ContentRole[name=denyAuthors,inherit=false,allowForAll=false]
  ContentRole[name=denyAdministrators,inherit=false,allowForAll=false]
  securityVector=15:SEC_PUBLIC=true,SEC_CREATOR_ADMIN=false,SEC_INH_ADMIN=true,SEC_INH_EDITOR=true,SEC_INH_VIEWER=true,SEC_ALL_ADMIN=false,SEC_ALL_EDITOR=false,SEC_ALL_VIEWER=false
]
2017-12-05 06:26:17.846 DEBUG content 140638 _a-0000df9d-6819-8000-aae2-01ef9001ef90_48094 Processing reference: ContentRole[name=readers,inherit=true,allowForAll=false]
2017-12-05 06:26:17.846 DEBUG content 140638 _a-0000df9d-6819-8000-aae2-01ef9001ef90_48094 Processing reference: ContentRole[name=authors,inherit=true,allowForAll=false]
2017-12-05 06:26:17.846 DEBUG content 140638 _a-0000df9d-6819-8000-aae2-01ef9001ef90_48094 Processing reference: ContentRole[name=administrators,inherit=true,allowForAll=false]
2017-12-05 06:26:17.846 DEBUG content 140638 _a-0000df9d-6819-8000-aae2-01ef9001ef90_48094 Processing reference: ContentRole[name=denyReaders,inherit=false,allowForAll=false]
2017-12-05 06:26:17.846 DEBUG content 140638 _a-0000df9d-6819-8000-aae2-01ef9001ef90_48094 Processing reference: ContentRole[name=denyAuthors,inherit=false,allowForAll=false]
2017-12-05 06:26:17.846 DEBUG content 140638 _a-0000df9d-6819-8000-aae2-01ef9001ef90_48094 Processing reference: ContentRole[name=denyAdministrators,inherit=false,allowForAll=false]
2017-12-05 06:26:17.846 DEBUG content 140638 _a-0000df9d-6819-8000-aae2-01ef9001ef90_48094 Completing produce.
2017-12-05 06:26:17.846 DEBUG content 140638 _a-0000df9d-6819-8000-aae2-01ef9001ef90_48094 Exporting binary resources.
2017-12-05 06:26:17.846 DEBUG content 140638 _a-0000df9d-6819-8000-aae2-01ef9001ef90_48094 Serializing object to XML.
2017-12-05 06:26:17.848 DEBUG content 140638 _a-0000df9d-6819-8000-aae2-01ef9001ef90_48094 Object transported.
2017-12-05 06:26:17.848 DEBUG content 140639 _a-0000df9d-6819-8000-aae2-01ef9001ef90_48102 Begin transport.
2017-12-05 06:26:17.848 DEBUG content 140639 _a-0000df9d-6819-8000-aae2-01ef9001ef90_48102 Retrieving object data.
2017-12-05 06:26:17.854 DEBUG content 140639 _a-0000df9d-6819-8000-aae2-01ef9001ef90_48102 Setting uuids of object references.
2017-12-05 06:26:17.854 DEBUG content 140639 _a-0000df9d-6819-8000-aae2-01ef9001ef90_48102 Processing reference: [Content:id=139636,versionId=-1,name=CONSTANT_5,type=32,subtype=0,uuid=_a-0000df9d-6819-8000-aae2-01ef9001ef90_48102,parent=138890]
2017-12-05 06:26:17.854 DEBUG content 140639 _a-0000df9d-6819-8000-aae2-01ef9001ef90_48102 Processing reference: Constant.forum
2017-12-05 06:26:17.854 DEBUG content 140639 _a-0000df9d-6819-8000-aae2-01ef9001ef90_48102 Processing reference: Constant.parent
2017-12-05 06:26:17.858 DEBUG content 140639 _a-0000df9d-6819-8000-aae2-01ef9001ef90_48102 Processing reference: com.appiancorp.suiteapi.content.ContentRoleMap@7bc11117[
  ContentRole[name=readers,inherit=true,allowForAll=false]
  ContentRole[name=authors,inherit=true,allowForAll=false]
  ContentRole[name=administrators,inherit=true,allowForAll=false]
  ContentRole[name=denyReaders,inherit=false,allowForAll=false]
  ContentRole[name=denyAuthors,inherit=false,allowForAll=false]
  ContentRole[name=denyAdministrators,inherit=false,allowForAll=false]
  securityVector=15:SEC_PUBLIC=true,SEC_CREATOR_ADMIN=false,SEC_INH_ADMIN=true,SEC_INH_EDITOR=true,SEC_INH_VIEWER=true,SEC_ALL_ADMIN=false,SEC_ALL_EDITOR=false,SEC_ALL_VIEWER=false
]
2017-12-05 06:26:17.858 DEBUG content 140639 _a-0000df9d-6819-8000-aae2-01ef9001ef90_48102 Processing reference: ContentRole[name=readers,inherit=true,allowForAll=false]
2017-12-05 06:26:17.858 DEBUG content 140639 _a-0000df9d-6819-8000-aae2-01ef9001ef90_48102 Processing reference: ContentRole[name=authors,inherit=true,allowForAll=false]
2017-12-05 06:26:17.858 DEBUG content 140639 _a-0000df9d-6819-8000-aae2-01ef9001ef90_48102 Processing reference: ContentRole[name=administrators,inherit=true,allowForAll=false]
2017-12-05 06:26:17.858 DEBUG content 140639 _a-0000df9d-6819-8000-aae2-01ef9001ef90_48102 Processing reference: ContentRole[name=denyReaders,inherit=false,allowForAll=false]
2017-12-05 06:26:17.858 DEBUG content 140639 _a-0000df9d-6819-8000-aae2-01ef9001ef90_48102 Processing reference: ContentRole[name=denyAuthors,inherit=false,allowForAll=false]
2017-12-05 06:26:17.858 DEBUG content 140639 _a-0000df9d-6819-8000-aae2-01ef9001ef90_48102 Processing reference: ContentRole[name=denyAdministrators,inherit=false,allowForAll=false]
2017-12-05 06:26:17.858 DEBUG content 140639 _a-0000df9d-6819-8000-aae2-01ef9001ef90_48102 Completing produce.
2017-12-05 06:26:17.858 DEBUG content 140639 _a-0000df9d-6819-8000-aae2-01ef9001ef90_48102 Exporting binary resources.
2017-12-05 06:26:17.858 DEBUG content 140639 _a-0000df9d-6819-8000-aae2-01ef9001ef90_48102 Serializing object to XML.
2017-12-05 06:26:17.86 DEBUG content 140639 _a-0000df9d-6819-8000-aae2-01ef9001ef90_48102 Object transported.
2017-12-05 06:26:17.86 DEBUG content 140640 _a-0000df9d-6819-8000-aae2-01ef9001ef90_48125 Begin transport.
2017-12-05 06:26:17.86 DEBUG content 140640 _a-0000df9d-6819-8000-aae2-01ef9001ef90_48125 Retrieving object data.
2017-12-05 06:26:17.866 DEBUG content 140640 _a-0000df9d-6819-8000-aae2-01ef9001ef90_48125 Setting uuids of object references.
2017-12-05 06:26:17.866 DEBUG content 140640 _a-0000df9d-6819-8000-aae2-01ef9001ef90_48125 Processing reference: [Content:id=139637,versionId=-1,name=IACD_1111,type=32,subtype=0,uuid=_a-0000df9d-6819-8000-aae2-01ef9001ef90_48125,parent=138890]
2017-12-05 06:26:17.866 DEBUG content 140640 _a-0000df9d-6819-8000-aae2-01ef9001ef90_48125 Processing reference: Constant.forum
2017-12-05 06:26:17.867 DEBUG content 140640 _a-0000df9d-6819-8000-aae2-01ef9001ef90_48125 Processing reference: Constant.parent
2017-12-05 06:26:17.871 DEBUG content 140640 _a-0000df9d-6819-8000-aae2-01ef9001ef90_48125 Processing reference: com.appiancorp.suiteapi.content.ContentRoleMap@27297b72[
  ContentRole[name=readers,inherit=true,allowForAll=false]
  ContentRole[name=authors,inherit=true,allowForAll=false]
  ContentRole[name=administrators,inherit=true,allowForAll=false]
  ContentRole[name=denyReaders,inherit=false,allowForAll=false]
  ContentRole[name=denyAuthors,inherit=false,allowForAll=false]
  ContentRole[name=denyAdministrators,inherit=false,allowForAll=false]
  securityVector=15:SEC_PUBLIC=true,SEC_CREATOR_ADMIN=false,SEC_INH_ADMIN=true,SEC_INH_EDITOR=true,SEC_INH_VIEWER=true,SEC_ALL_ADMIN=false,SEC_ALL_EDITOR=false,SEC_ALL_VIEWER=false
]
2017-12-05 06:26:17.871 DEBUG content 140640 _a-0000df9d-6819-8000-aae2-01ef9001ef90_48125 Processing reference: ContentRole[name=readers,inherit=true,allowForAll=false]
2017-12-05 06:26:17.871 DEBUG content 140640 _a-0000df9d-6819-8000-aae2-01ef9001ef90_48125 Processing reference: ContentRole[name=authors,inherit=true,allowForAll=false]
2017-12-05 06:26:17.871 DEBUG content 140640 _a-0000df9d-6819-8000-aae2-01ef9001ef90_48125 Processing reference: ContentRole[name=administrators,inherit=true,allowForAll=false]
2017-12-05 06:26:17.871 DEBUG content 140640 _a-0000df9d-6819-8000-aae2-01ef9001ef90_48125 Processing reference: ContentRole[name=denyReaders,inherit=false,allowForAll=false]
2017-12-05 06:26:17.871 DEBUG content 140640 _a-0000df9d-6819-8000-aae2-01ef9001ef90_48125 Processing reference: ContentRole[name=denyAuthors,inherit=false,allowForAll=false]
2017-12-05 06:26:17.871 DEBUG content 140640 _a-0000df9d-6819-8000-aae2-01ef9001ef90_48125 Processing reference: ContentRole[name=denyAdministrators,inherit=false,allowForAll=false]
2017-12-05 06:26:17.871 DEBUG content 140640 _a-0000df9d-6819-8000-aae2-01ef9001ef90_48125 Completing produce.
2017-12-05 06:26:17.871 DEBUG content 140640 _a-0000df9d-6819-8000-aae2-01ef9001ef90_48125 Exporting binary resources.
2017-12-05 06:26:17.871 DEBUG content 140640 _a-0000df9d-6819-8000-aae2-01ef9001ef90_48125 Serializing object to XML.
2017-12-05 06:26:17.873 DEBUG content 140640 _a-0000df9d-6819-8000-aae2-01ef9001ef90_48125 Object transported.
2017-12-05 06:26:17.873 DEBUG content 140641 _a-0000df9d-6819-8000-aae2-01ef9001ef90_48289 Begin transport.
2017-12-05 06:26:17.873 DEBUG content 140641 _a-0000df9d-6819-8000-aae2-01ef9001ef90_48289 Retrieving object data.
2017-12-05 06:26:17.879 DEBUG content 140641 _a-0000df9d-6819-8000-aae2-01ef9001ef90_48289 Setting uuids of object references.
2017-12-05 06:26:17.879 DEBUG content 140641 _a-0000df9d-6819-8000-aae2-01ef9001ef90_48289 Processing reference: [Content:id=140402,versionId=-1,name=IACD_2222,type=32,subtype=0,uuid=_a-0000df9d-6819-8000-aae2-01ef9001ef90_48289,parent=138890]
2017-12-05 06:26:17.879 DEBUG content 140641 _a-0000df9d-6819-8000-aae2-01ef9001ef90_48289 Processing reference: Constant.forum
2017-12-05 06:26:17.879 DEBUG content 140641 _a-0000df9d-6819-8000-aae2-01ef9001ef90_48289 Processing reference: Constant.parent
2017-12-05 06:26:17.882 DEBUG content 140641 _a-0000df9d-6819-8000-aae2-01ef9001ef90_48289 Processing reference: com.appiancorp.suiteapi.content.ContentRoleMap@38e680df[
  ContentRole[name=readers,inherit=true,allowForAll=false]
  ContentRole[name=authors,inherit=true,allowForAll=false]
  ContentRole[name=administrators,inherit=true,allowForAll=false]
  ContentRole[name=denyReaders,inherit=false,allowForAll=false]
  ContentRole[name=denyAuthors,inherit=false,allowForAll=false]
  ContentRole[name=denyAdministrators,inherit=false,allowForAll=false]
  securityVector=15:SEC_PUBLIC=true,SEC_CREATOR_ADMIN=false,SEC_INH_ADMIN=true,SEC_INH_EDITOR=true,SEC_INH_VIEWER=true,SEC_ALL_ADMIN=false,SEC_ALL_EDITOR=false,SEC_ALL_VIEWER=false
]
2017-12-05 06:26:17.882 DEBUG content 140641 _a-0000df9d-6819-8000-aae2-01ef9001ef90_48289 Processing reference: ContentRole[name=readers,inherit=true,allowForAll=false]
2017-12-05 06:26:17.882 DEBUG content 140641 _a-0000df9d-6819-8000-aae2-01ef9001ef90_48289 Processing reference: ContentRole[name=authors,inherit=true,allowForAll=false]
2017-12-05 06:26:17.882 DEBUG content 140641 _a-0000df9d-6819-8000-aae2-01ef9001ef90_48289 Processing reference: ContentRole[name=administrators,inherit=true,allowForAll=false]
2017-12-05 06:26:17.882 DEBUG content 140641 _a-0000df9d-6819-8000-aae2-01ef9001ef90_48289 Processing reference: ContentRole[name=denyReaders,inherit=false,allowForAll=false]
2017-12-05 06:26:17.882 DEBUG content 140641 _a-0000df9d-6819-8000-aae2-01ef9001ef90_48289 Processing reference: ContentRole[name=denyAuthors,inherit=false,allowForAll=false]
2017-12-05 06:26:17.882 DEBUG content 140641 _a-0000df9d-6819-8000-aae2-01ef9001ef90_48289 Processing reference: ContentRole[name=denyAdministrators,inherit=false,allowForAll=false]
2017-12-05 06:26:17.882 DEBUG content 140641 _a-0000df9d-6819-8000-aae2-01ef9001ef90_48289 Completing produce.
2017-12-05 06:26:17.882 DEBUG content 140641 _a-0000df9d-6819-8000-aae2-01ef9001ef90_48289 Exporting binary resources.
2017-12-05 06:26:17.882 DEBUG content 140641 _a-0000df9d-6819-8000-aae2-01ef9001ef90_48289 Serializing object to XML.
2017-12-05 06:26:17.884 DEBUG content 140641 _a-0000df9d-6819-8000-aae2-01ef9001ef90_48289 Object transported.
2017-12-05 06:26:17.884 DEBUG content 140642 _a-0000df9d-6819-8000-aae2-01ef9001ef90_48292 Begin transport.
2017-12-05 06:26:17.884 DEBUG content 140642 _a-0000df9d-6819-8000-aae2-01ef9001ef90_48292 Retrieving object data.
2017-12-05 06:26:17.889 DEBUG content 140642 _a-0000df9d-6819-8000-aae2-01ef9001ef90_48292 Setting uuids of object references.
2017-12-05 06:26:17.889 DEBUG content 140642 _a-0000df9d-6819-8000-aae2-01ef9001ef90_48292 Processing reference: [Content:id=140403,versionId=-1,name=IACD_3333,type=32,subtype=0,uuid=_a-0000df9d-6819-8000-aae2-01ef9001ef90_48292,parent=138890]
2017-12-05 06:26:17.889 DEBUG content 140642 _a-0000df9d-6819-8000-aae2-01ef9001ef90_48292 Processing reference: Constant.forum
2017-12-05 06:26:17.89 DEBUG content 140642 _a-0000df9d-6819-8000-aae2-01ef9001ef90_48292 Processing reference: Constant.parent
2017-12-05 06:26:17.893 DEBUG content 140642 _a-0000df9d-6819-8000-aae2-01ef9001ef90_48292 Processing reference: com.appiancorp.suiteapi.content.ContentRoleMap@54879857[
  ContentRole[name=readers,inherit=true,allowForAll=false]
  ContentRole[name=authors,inherit=true,allowForAll=false]
  ContentRole[name=administrators,inherit=true,allowForAll=false]
  ContentRole[name=denyReaders,inherit=false,allowForAll=false]
  ContentRole[name=denyAuthors,inherit=false,allowForAll=false]
  ContentRole[name=denyAdministrators,inherit=false,allowForAll=false]
  securityVector=15:SEC_PUBLIC=true,SEC_CREATOR_ADMIN=false,SEC_INH_ADMIN=true,SEC_INH_EDITOR=true,SEC_INH_VIEWER=true,SEC_ALL_ADMIN=false,SEC_ALL_EDITOR=false,SEC_ALL_VIEWER=false
]
2017-12-05 06:26:17.893 DEBUG content 140642 _a-0000df9d-6819-8000-aae2-01ef9001ef90_48292 Processing reference: ContentRole[name=readers,inherit=true,allowForAll=false]
2017-12-05 06:26:17.893 DEBUG content 140642 _a-0000df9d-6819-8000-aae2-01ef9001ef90_48292 Processing reference: ContentRole[name=authors,inherit=true,allowForAll=false]
2017-12-05 06:26:17.893 DEBUG content 140642 _a-0000df9d-6819-8000-aae2-01ef9001ef90_48292 Processing reference: ContentRole[name=administrators,inherit=true,allowForAll=false]
2017-12-05 06:26:17.893 DEBUG content 140642 _a-0000df9d-6819-8000-aae2-01ef9001ef90_48292 Processing reference: ContentRole[name=denyReaders,inherit=false,allowForAll=false]
2017-12-05 06:26:17.893 DEBUG content 140642 _a-0000df9d-6819-8000-aae2-01ef9001ef90_48292 Processing reference: ContentRole[name=denyAuthors,inherit=false,allowForAll=false]
2017-12-05 06:26:17.893 DEBUG content 140642 _a-0000df9d-6819-8000-aae2-01ef9001ef90_48292 Processing reference: ContentRole[name=denyAdministrators,inherit=false,allowForAll=false]
2017-12-05 06:26:17.893 DEBUG content 140642 _a-0000df9d-6819-8000-aae2-01ef9001ef90_48292 Completing produce.
2017-12-05 06:26:17.893 DEBUG content 140642 _a-0000df9d-6819-8000-aae2-01ef9001ef90_48292 Exporting binary resources.
2017-12-05 06:26:17.893 DEBUG content 140642 _a-0000df9d-6819-8000-aae2-01ef9001ef90_48292 Serializing object to XML.
2017-12-05 06:26:17.894 DEBUG content 140642 _a-0000df9d-6819-8000-aae2-01ef9001ef90_48292 Object transported.
2017-12-05 06:26:17.894 DEBUG content 140643 _a-0000df9d-6819-8000-aae2-01ef9001ef90_48338 Begin transport.
2017-12-05 06:26:17.894 DEBUG content 140643 _a-0000df9d-6819-8000-aae2-01ef9001ef90_48338 Retrieving object data.
2017-12-05 06:26:17.9 DEBUG content 140643 _a-0000df9d-6819-8000-aae2-01ef9001ef90_48338 Setting uuids of object references.
2017-12-05 06:26:17.9 DEBUG content 140643 _a-0000df9d-6819-8000-aae2-01ef9001ef90_48338 Processing reference: [Content:id=140404,versionId=-1,name=IACD_4444,type=32,subtype=0,uuid=_a-0000df9d-6819-8000-aae2-01ef9001ef90_48338,parent=138890]
2017-12-05 06:26:17.9 DEBUG content 140643 _a-0000df9d-6819-8000-aae2-01ef9001ef90_48338 Processing reference: Constant.forum
2017-12-05 06:26:17.9 DEBUG content 140643 _a-0000df9d-6819-8000-aae2-01ef9001ef90_48338 Processing reference: Constant.parent
2017-12-05 06:26:17.903 DEBUG content 140643 _a-0000df9d-6819-8000-aae2-01ef9001ef90_48338 Processing reference: com.appiancorp.suiteapi.content.ContentRoleMap@196c8a48[
  ContentRole[name=readers,inherit=true,allowForAll=false]
  ContentRole[name=authors,inherit=true,allowForAll=false]
  ContentRole[name=administrators,inherit=true,allowForAll=false]
  ContentRole[name=denyReaders,inherit=false,allowForAll=false]
  ContentRole[name=denyAuthors,inherit=false,allowForAll=false]
  ContentRole[name=denyAdministrators,inherit=false,allowForAll=false]
  securityVector=15:SEC_PUBLIC=true,SEC_CREATOR_ADMIN=false,SEC_INH_ADMIN=true,SEC_INH_EDITOR=true,SEC_INH_VIEWER=true,SEC_ALL_ADMIN=false,SEC_ALL_EDITOR=false,SEC_ALL_VIEWER=false
]
2017-12-05 06:26:17.903 DEBUG content 140643 _a-0000df9d-6819-8000-aae2-01ef9001ef90_48338 Processing reference: ContentRole[name=readers,inherit=true,allowForAll=false]
2017-12-05 06:26:17.903 DEBUG content 140643 _a-0000df9d-6819-8000-aae2-01ef9001ef90_48338 Processing reference: ContentRole[name=authors,inherit=true,allowForAll=false]
2017-12-05 06:26:17.903 DEBUG content 140643 _a-0000df9d-6819-8000-aae2-01ef9001ef90_48338 Processing reference: ContentRole[name=administrators,inherit=true,allowForAll=false]
2017-12-05 06:26:17.903 DEBUG content 140643 _a-0000df9d-6819-8000-aae2-01ef9001ef90_48338 Processing reference: ContentRole[name=denyReaders,inherit=false,allowForAll=false]
2017-12-05 06:26:17.903 DEBUG content 140643 _a-0000df9d-6819-8000-aae2-01ef9001ef90_48338 Processing reference: ContentRole[name=denyAuthors,inherit=false,allowForAll=false]
2017-12-05 06:26:17.903 DEBUG content 140643 _a-0000df9d-6819-8000-aae2-01ef9001ef90_48338 Processing reference: ContentRole[name=denyAdministrators,inherit=false,allowForAll=false]
2017-12-05 06:26:17.903 DEBUG content 140643 _a-0000df9d-6819-8000-aae2-01ef9001ef90_48338 Completing produce.
2017-12-05 06:26:17.904 DEBUG content 140643 _a-0000df9d-6819-8000-aae2-01ef9001ef90_48338 Exporting binary resources.
2017-12-05 06:26:17.904 DEBUG content 140643 _a-0000df9d-6819-8000-aae2-01ef9001ef90_48338 Serializing object to XML.
2017-12-05 06:26:17.905 DEBUG content 140643 _a-0000df9d-6819-8000-aae2-01ef9001ef90_48338 Object transported.
2017-12-05 06:26:17.906 DEBUG processModelFolder 588 _g-0000df9d-6819-8000-aae2-014d98014d98_109 Begin transport.
2017-12-05 06:26:17.906 DEBUG processModelFolder 588 _g-0000df9d-6819-8000-aae2-014d98014d98_109 Retrieving object data.
2017-12-05 06:26:17.909 DEBUG processModelFolder 588 _g-0000df9d-6819-8000-aae2-014d98014d98_109 Setting uuids of object references.
2017-12-05 06:26:17.909 DEBUG processModelFolder 588 _g-0000df9d-6819-8000-aae2-014d98014d98_109 Processing reference: ProcessModelFolder.parentFolderId
2017-12-05 06:26:17.91 DEBUG processModelFolder 588 _g-0000df9d-6819-8000-aae2-014d98014d98_109 Processing reference: com.appiancorp.suiteapi.process.ProcessRoleMap@44cb0a8[
  Role[name=ADMIN_OWNER]
  Role[name=EDITOR]
  Role[name=EXPLICIT_NONMEMBER]
  Role[name=VIEWER]
  Role[name=MANAGER]
  Role[name=INITIATOR]
]
2017-12-05 06:26:17.91 DEBUG processModelFolder 588 _g-0000df9d-6819-8000-aae2-014d98014d98_109 Processing reference: Role[name=ADMIN_OWNER]
2017-12-05 06:26:17.91 DEBUG processModelFolder 588 _g-0000df9d-6819-8000-aae2-014d98014d98_109 Processing reference: Role[name=EDITOR]
2017-12-05 06:26:17.91 DEBUG processModelFolder 588 _g-0000df9d-6819-8000-aae2-014d98014d98_109 Processing reference: Role[name=EXPLICIT_NONMEMBER]
2017-12-05 06:26:17.91 DEBUG processModelFolder 588 _g-0000df9d-6819-8000-aae2-014d98014d98_109 Processing reference: Role[name=VIEWER]
2017-12-05 06:26:17.91 DEBUG processModelFolder 588 _g-0000df9d-6819-8000-aae2-014d98014d98_109 Processing reference: Role[name=MANAGER]
2017-12-05 06:26:17.91 DEBUG processModelFolder 588 _g-0000df9d-6819-8000-aae2-014d98014d98_109 Processing reference: Role[name=INITIATOR]
2017-12-05 06:26:17.91 DEBUG processModelFolder 588 _g-0000df9d-6819-8000-aae2-014d98014d98_109 Completing produce.
2017-12-05 06:26:17.91 DEBUG processModelFolder 588 _g-0000df9d-6819-8000-aae2-014d98014d98_109 Exporting binary resources.
2017-12-05 06:26:17.91 DEBUG processModelFolder 588 _g-0000df9d-6819-8000-aae2-014d98014d98_109 Serializing object to XML.
2017-12-05 06:26:17.91 DEBUG processModelFolder 588 _g-0000df9d-6819-8000-aae2-014d98014d98_109 Object transported.
2017-12-05 06:26:17.91 DEBUG processModelFolder 589 _g-0000df9d-6819-8000-aae2-014d98014d98_110 Begin transport.
2017-12-05 06:26:17.91 DEBUG processModelFolder 589 _g-0000df9d-6819-8000-aae2-014d98014d98_110 Retrieving object data.
2017-12-05 06:26:17.912 DEBUG processModelFolder 589 _g-0000df9d-6819-8000-aae2-014d98014d98_110 Setting uuids of object references.
2017-12-05 06:26:17.912 DEBUG processModelFolder 589 _g-0000df9d-6819-8000-aae2-014d98014d98_110 Processing reference: ProcessModelFolder.parentFolderId
2017-12-05 06:26:17.914 DEBUG processModelFolder 589 _g-0000df9d-6819-8000-aae2-014d98014d98_110 Processing reference: com.appiancorp.suiteapi.process.ProcessRoleMap@424921e5[
  Role[name=ADMIN_OWNER]
  Role[name=EDITOR]
  Role[name=EXPLICIT_NONMEMBER]
  Role[name=VIEWER]
  Role[name=MANAGER]
  Role[name=INITIATOR]
]
2017-12-05 06:26:17.914 DEBUG processModelFolder 589 _g-0000df9d-6819-8000-aae2-014d98014d98_110 Processing reference: Role[name=ADMIN_OWNER]
2017-12-05 06:26:17.914 DEBUG processModelFolder 589 _g-0000df9d-6819-8000-aae2-014d98014d98_110 Processing reference: Role[name=EDITOR]
2017-12-05 06:26:17.914 DEBUG processModelFolder 589 _g-0000df9d-6819-8000-aae2-014d98014d98_110 Processing reference: Role[name=EXPLICIT_NONMEMBER]
2017-12-05 06:26:17.914 DEBUG processModelFolder 589 _g-0000df9d-6819-8000-aae2-014d98014d98_110 Processing reference: Role[name=VIEWER]
2017-12-05 06:26:17.914 DEBUG processModelFolder 589 _g-0000df9d-6819-8000-aae2-014d98014d98_110 Processing reference: Role[name=MANAGER]
2017-12-05 06:26:17.914 DEBUG processModelFolder 589 _g-0000df9d-6819-8000-aae2-014d98014d98_110 Processing reference: Role[name=INITIATOR]
2017-12-05 06:26:17.914 DEBUG processModelFolder 589 _g-0000df9d-6819-8000-aae2-014d98014d98_110 Completing produce.
2017-12-05 06:26:17.914 DEBUG processModelFolder 589 _g-0000df9d-6819-8000-aae2-014d98014d98_110 Exporting binary resources.
2017-12-05 06:26:17.914 DEBUG processModelFolder 589 _g-0000df9d-6819-8000-aae2-014d98014d98_110 Serializing object to XML.
2017-12-05 06:26:17.914 DEBUG processModelFolder 589 _g-0000df9d-6819-8000-aae2-014d98014d98_110 Object transported.
2017-12-05 06:26:17.915 DEBUG processModel 17050 0002dfbf-a081-8000-aae2-014d98014d98 Begin transport.
2017-12-05 06:26:17.915 DEBUG processModel 17050 0002dfbf-a081-8000-aae2-014d98014d98 Retrieving object data.
2017-12-05 06:26:17.933 DEBUG processModel 17050 0002dfbf-a081-8000-aae2-014d98014d98 Setting uuids of object references.
2017-12-05 06:26:17.934 DEBUG processModel 17050 0002dfbf-a081-8000-aae2-014d98014d98 Processing reference: ProcessModelHaul.folderId
2017-12-05 06:26:17.935 DEBUG processModel 17050 0002dfbf-a081-8000-aae2-014d98014d98 Processing reference: ProcessModelHaul.modelDashboardPageId
2017-12-05 06:26:17.935 DEBUG processModel 17050 0002dfbf-a081-8000-aae2-014d98014d98 Processing reference: ProcessModelHaul.processDashboardPageId
2017-12-05 06:26:17.935 DEBUG processModel 17050 0002dfbf-a081-8000-aae2-014d98014d98 Processing reference: ProcessModel.emailAttachmentFolderId
2017-12-05 06:26:17.935 DEBUG processModel 17050 0002dfbf-a081-8000-aae2-014d98014d98 Processing reference: ActivityClassParameter[name=pmID,it=23,v=<null>]
2017-12-05 06:26:17.935 DEBUG processModel 17050 0002dfbf-a081-8000-aae2-014d98014d98 Processing reference: ActivityClassParameter[name=inMap,it=111,v={}]
2017-12-05 06:26:17.935 DEBUG processModel 17050 0002dfbf-a081-8000-aae2-014d98014d98 Processing reference: ActivityClassParameter[name=procInheritsPriority,it=1,v=1]
2017-12-05 06:26:17.935 DEBUG processModel 17050 0002dfbf-a081-8000-aae2-014d98014d98 Processing reference: ActivityClassParameter[name=pmUUID,it=3,v=]
2017-12-05 06:26:17.935 DEBUG processModel 17050 0002dfbf-a081-8000-aae2-014d98014d98 Processing reference: ActivityClassParameter[name=isAsynchronous,it=26,v=1]
2017-12-05 06:26:17.935 DEBUG processModel 17050 0002dfbf-a081-8000-aae2-014d98014d98 Processing reference: ActivityClassParameter[name=isTransparent,it=26,v=1]
2017-12-05 06:26:17.936 DEBUG processModel 17050 0002dfbf-a081-8000-aae2-014d98014d98 Processing reference: ActivityClassParameter[name=inheritSecurity,it=26,v=0]
2017-12-05 06:26:17.936 DEBUG processModel 17050 0002dfbf-a081-8000-aae2-014d98014d98 Processing reference: com.appiancorp.suiteapi.process.ProcessRoleMap@2c6e70b8[
  Role[name=ADMIN_OWNER]
  Role[name=EDITOR]
  Role[name=EXPLICIT_NONMEMBER]
  Role[name=VIEWER]
  Role[name=MANAGER]
  Role[name=INITIATOR]
]
2017-12-05 06:26:17.936 DEBUG processModel 17050 0002dfbf-a081-8000-aae2-014d98014d98 Processing reference: Role[name=ADMIN_OWNER]
2017-12-05 06:26:17.936 DEBUG processModel 17050 0002dfbf-a081-8000-aae2-014d98014d98 Processing reference: Role[name=EDITOR]
2017-12-05 06:26:17.936 DEBUG processModel 17050 0002dfbf-a081-8000-aae2-014d98014d98 Processing reference: Role[name=EXPLICIT_NONMEMBER]
2017-12-05 06:26:17.936 DEBUG processModel 17050 0002dfbf-a081-8000-aae2-014d98014d98 Processing reference: Role[name=VIEWER]
2017-12-05 06:26:17.936 DEBUG processModel 17050 0002dfbf-a081-8000-aae2-014d98014d98 Processing reference: Role[name=MANAGER]
2017-12-05 06:26:17.936 DEBUG processModel 17050 0002dfbf-a081-8000-aae2-014d98014d98 Processing reference: Role[name=INITIATOR]
2017-12-05 06:26:17.936 DEBUG processModel 17050 0002dfbf-a081-8000-aae2-014d98014d98 Completing produce.
2017-12-05 06:26:17.936 DEBUG processModel 17050 0002dfbf-a081-8000-aae2-014d98014d98 Exporting binary resources.
2017-12-05 06:26:17.936 DEBUG processModel 17050 0002dfbf-a081-8000-aae2-014d98014d98 Serializing object to XML.
2017-12-05 06:26:17.939 DEBUG processModel 17050 0002dfbf-a081-8000-aae2-014d98014d98 Object transported.
2017-12-05 06:26:17.939 DEBUG application 138901 _a-0000df9d-6819-8000-aae2-01ef9001ef90_45159 Completing produce.
2017-12-05 06:26:17.939 DEBUG application 138901 _a-0000df9d-6819-8000-aae2-01ef9001ef90_45159 Exporting binary resources.
2017-12-05 06:26:17.939 DEBUG application 138901 _a-0000df9d-6819-8000-aae2-01ef9001ef90_45159 Serializing object to XML.
2017-12-05 06:26:17.939 DEBUG application 138901 _a-0000df9d-6819-8000-aae2-01ef9001ef90_45159 Object transported.
